<?xml version="1.0" encoding="UTF-8"?>
<testsuite name="JUnit Jupiter" tests="255" skipped="0" failures="0" errors="0" time="1.801" hostname="DESKTOP-LH3TLTA" timestamp="2020-08-28T10:06:57">
<properties>
[...]
</properties>
<testcase name="VerifyParseHandshakeResponseMessage()" classname="com.microsoft.signalr.HandshakeProtocolTest" time="0.043">
<system-out><![CDATA[
unique-id: [engine:junit-jupiter]/[class:com.microsoft.signalr.HandshakeProtocolTest]/[method:VerifyParseHandshakeResponseMessage()]
display-name: VerifyParseHandshakeResponseMessage()
]]></system-out>
</testcase>
<testcase name="InvalidHandshakeResponse()" classname="com.microsoft.signalr.HandshakeProtocolTest" time="0">
<system-out><![CDATA[
unique-id: [engine:junit-jupiter]/[class:com.microsoft.signalr.HandshakeProtocolTest]/[method:InvalidHandshakeResponse()]
display-name: InvalidHandshakeResponse()
]]></system-out>
</testcase>
<testcase name="VerifyParseEmptyHandshakeResponseMessage()" classname="com.microsoft.signalr.HandshakeProtocolTest" time="0.001">
<system-out><![CDATA[
unique-id: [engine:junit-jupiter]/[class:com.microsoft.signalr.HandshakeProtocolTest]/[method:VerifyParseEmptyHandshakeResponseMessage()]
display-name: VerifyParseEmptyHandshakeResponseMessage()
]]></system-out>
</testcase>
<testcase name="VerifyCreateHandshakerequestMessage()" classname="com.microsoft.signalr.HandshakeProtocolTest" time="0.004">
<system-out><![CDATA[
unique-id: [engine:junit-jupiter]/[class:com.microsoft.signalr.HandshakeProtocolTest]/[method:VerifyCreateHandshakerequestMessage()]
display-name: VerifyCreateHandshakerequestMessage()
]]></system-out>
</testcase>
<testcase name="passingInEmptyStringToWihtUrlThrows()" classname="com.microsoft.signalr.HubConnectionBuilderTest" time="0">
<system-out><![CDATA[
unique-id: [engine:junit-jupiter]/[class:com.microsoft.signalr.HubConnectionBuilderTest]/[method:passingInEmptyStringToWihtUrlThrows()]
display-name: passingInEmptyStringToWihtUrlThrows()
]]></system-out>
</testcase>
<testcase name="passingInNullToWithUrlThrows()" classname="com.microsoft.signalr.HubConnectionBuilderTest" time="0">
<system-out><![CDATA[
unique-id: [engine:junit-jupiter]/[class:com.microsoft.signalr.HubConnectionBuilderTest]/[method:passingInNullToWithUrlThrows()]
display-name: passingInNullToWithUrlThrows()
]]></system-out>
</testcase>
<testcase name="headersAreNotClearedWhenConnectionIsRestarted()" classname="com.microsoft.signalr.HubConnectionTest" time="0.107">
<system-out><![CDATA[
unique-id: [engine:junit-jupiter]/[class:com.microsoft.signalr.HubConnectionTest]/[method:headersAreNotClearedWhenConnectionIsRestarted()]
display-name: headersAreNotClearedWhenConnectionIsRestarted()
]]></system-out>
</testcase>
<testcase name="sendWithNoParamsTriggersOnHandlerWithMessagePack()" classname="com.microsoft.signalr.HubConnectionTest" time="0.151">
<system-out><![CDATA[
unique-id: [engine:junit-jupiter]/[class:com.microsoft.signalr.HubConnectionTest]/[method:sendWithNoParamsTriggersOnHandlerWithMessagePack()]
display-name: sendWithNoParamsTriggersOnHandlerWithMessagePack()
]]></system-out>
</testcase>
<testcase name="connectionSendsPingsRegularly()" classname="com.microsoft.signalr.HubConnectionTest" time="0.023">
<system-out><![CDATA[
unique-id: [engine:junit-jupiter]/[class:com.microsoft.signalr.HubConnectionTest]/[method:connectionSendsPingsRegularly()]
display-name: connectionSendsPingsRegularly()
]]></system-out>
</testcase>
<testcase name="checkStreamSingleItemWithMessagePack()" classname="com.microsoft.signalr.HubConnectionTest" time="0.042">
<system-out><![CDATA[
unique-id: [engine:junit-jupiter]/[class:com.microsoft.signalr.HubConnectionTest]/[method:checkStreamSingleItemWithMessagePack()]
display-name: checkStreamSingleItemWithMessagePack()
]]></system-out>
</testcase>
<testcase name="doesNotErrorWhenReceivingInvokeWithIncorrectArgumentLength()" classname="com.microsoft.signalr.HubConnectionTest" time="0.004">
<system-out><![CDATA[
unique-id: [engine:junit-jupiter]/[class:com.microsoft.signalr.HubConnectionTest]/[method:doesNotErrorWhenReceivingInvokeWithIncorrectArgumentLength()]
display-name: doesNotErrorWhenReceivingInvokeWithIncorrectArgumentLength()
]]></system-out>
</testcase>
<testcase name="streamMapIsClearedOnClose()" classname="com.microsoft.signalr.HubConnectionTest" time="0.005">
<system-out><![CDATA[
unique-id: [engine:junit-jupiter]/[class:com.microsoft.signalr.HubConnectionTest]/[method:streamMapIsClearedOnClose()]
display-name: streamMapIsClearedOnClose()
]]></system-out>
</testcase>
<testcase name="accessTokenProviderIsUsedForNegotiate()" classname="com.microsoft.signalr.HubConnectionTest" time="0.002">
<system-out><![CDATA[
unique-id: [engine:junit-jupiter]/[class:com.microsoft.signalr.HubConnectionTest]/[method:accessTokenProviderIsUsedForNegotiate()]
display-name: accessTokenProviderIsUsedForNegotiate()
]]></system-out>
</testcase>
<testcase name="cannotSendBeforeStart()" classname="com.microsoft.signalr.HubConnectionTest" time="0">
<system-out><![CDATA[
unique-id: [engine:junit-jupiter]/[class:com.microsoft.signalr.HubConnectionTest]/[method:cannotSendBeforeStart()]
display-name: cannotSendBeforeStart()
]]></system-out>
</testcase>
<testcase name="checkStreamUploadMultipleItemsThroughInvoke()" classname="com.microsoft.signalr.HubConnectionTest" time="0.003">
<system-out><![CDATA[
unique-id: [engine:junit-jupiter]/[class:com.microsoft.signalr.HubConnectionTest]/[method:checkStreamUploadMultipleItemsThroughInvoke()]
display-name: checkStreamUploadMultipleItemsThroughInvoke()
]]></system-out>
</testcase>
<testcase name="checkCancelIsSentAfterAllSubscriptionsAreDisposed()" classname="com.microsoft.signalr.HubConnectionTest" time="0.003">
<system-out><![CDATA[
unique-id: [engine:junit-jupiter]/[class:com.microsoft.signalr.HubConnectionTest]/[method:checkCancelIsSentAfterAllSubscriptionsAreDisposed()]
display-name: checkCancelIsSentAfterAllSubscriptionsAreDisposed()
]]></system-out>
</testcase>
<testcase name="TransportAllUsesLongPollingWhenServerOnlySupportLongPolling()" classname="com.microsoft.signalr.HubConnectionTest" time="0.008">
<system-out><![CDATA[
unique-id: [engine:junit-jupiter]/[class:com.microsoft.signalr.HubConnectionTest]/[method:TransportAllUsesLongPollingWhenServerOnlySupportLongPolling()]
display-name: TransportAllUsesLongPollingWhenServerOnlySupportLongPolling()
]]></system-out>
</testcase>
<testcase name="transportCloseWithErrorTriggersStopInHubConnection()" classname="com.microsoft.signalr.HubConnectionTest" time="0.001">
<system-out><![CDATA[
unique-id: [engine:junit-jupiter]/[class:com.microsoft.signalr.HubConnectionTest]/[method:transportCloseWithErrorTriggersStopInHubConnection()]
display-name: transportCloseWithErrorTriggersStopInHubConnection()
]]></system-out>
</testcase>
<testcase name="checkCancelIsSentAfterAllSubscriptionsAreDisposedWithMessagePack()" classname="com.microsoft.signalr.HubConnectionTest" time="0.003">
<system-out><![CDATA[
unique-id: [engine:junit-jupiter]/[class:com.microsoft.signalr.HubConnectionTest]/[method:checkCancelIsSentAfterAllSubscriptionsAreDisposedWithMessagePack()]
display-name: checkCancelIsSentAfterAllSubscriptionsAreDisposedWithMessagePack()
]]></system-out>
</testcase>
<testcase name="canSendMultipleNullArgsInInvocation()" classname="com.microsoft.signalr.HubConnectionTest" time="0.002">
<system-out><![CDATA[
unique-id: [engine:junit-jupiter]/[class:com.microsoft.signalr.HubConnectionTest]/[method:canSendMultipleNullArgsInInvocation()]
display-name: canSendMultipleNullArgsInInvocation()
]]></system-out>
</testcase>
<testcase name="connectionTokenIsIgnoredIfNegotiateVersionIsNotPresentInNegotiateResponse()" classname="com.microsoft.signalr.HubConnectionTest" time="0.002">
<system-out><![CDATA[
unique-id: [engine:junit-jupiter]/[class:com.microsoft.signalr.HubConnectionTest]/[method:connectionTokenIsIgnoredIfNegotiateVersionIsNotPresentInNegotiateResponse()]
display-name: connectionTokenIsIgnoredIfNegotiateVersionIsNotPresentInNegotiateResponse()
]]></system-out>
</testcase>
<testcase name="streamUploadCallOnError()" classname="com.microsoft.signalr.HubConnectionTest" time="0.003">
<system-out><![CDATA[
unique-id: [engine:junit-jupiter]/[class:com.microsoft.signalr.HubConnectionTest]/[method:streamUploadCallOnError()]
display-name: streamUploadCallOnError()
]]></system-out>
</testcase>
<testcase name="DetectWhenTryingToConnectToClassicSignalRServer()" classname="com.microsoft.signalr.HubConnectionTest" time="0.002">
<system-out><![CDATA[
unique-id: [engine:junit-jupiter]/[class:com.microsoft.signalr.HubConnectionTest]/[method:DetectWhenTryingToConnectToClassicSignalRServer()]
display-name: DetectWhenTryingToConnectToClassicSignalRServer()
]]></system-out>
</testcase>
<testcase name="checkStreamUploadSingleItemThroughSend()" classname="com.microsoft.signalr.HubConnectionTest" time="0.001">
<system-out><![CDATA[
unique-id: [engine:junit-jupiter]/[class:com.microsoft.signalr.HubConnectionTest]/[method:checkStreamUploadSingleItemThroughSend()]
display-name: checkStreamUploadSingleItemThroughSend()
]]></system-out>
</testcase>
<testcase name="checkStreamCompletionError()" classname="com.microsoft.signalr.HubConnectionTest" time="0.003">
<system-out><![CDATA[
unique-id: [engine:junit-jupiter]/[class:com.microsoft.signalr.HubConnectionTest]/[method:checkStreamCompletionError()]
display-name: checkStreamCompletionError()
]]></system-out>
</testcase>
<testcase name="invokeNoReturnValueWaitsForCompletion()" classname="com.microsoft.signalr.HubConnectionTest" time="0.002">
<system-out><![CDATA[
unique-id: [engine:junit-jupiter]/[class:com.microsoft.signalr.HubConnectionTest]/[method:invokeNoReturnValueWaitsForCompletion()]
display-name: invokeNoReturnValueWaitsForCompletion()
]]></system-out>
</testcase>
<testcase name="negotiateThatRedirectsForeverFailsAfter100Tries()" classname="com.microsoft.signalr.HubConnectionTest" time="0.002">
<system-out><![CDATA[
unique-id: [engine:junit-jupiter]/[class:com.microsoft.signalr.HubConnectionTest]/[method:negotiateThatRedirectsForeverFailsAfter100Tries()]
display-name: negotiateThatRedirectsForeverFailsAfter100Tries()
]]></system-out>
</testcase>
<testcase name="stopCancelsActiveInvokes()" classname="com.microsoft.signalr.HubConnectionTest" time="0.002">
<system-out><![CDATA[
unique-id: [engine:junit-jupiter]/[class:com.microsoft.signalr.HubConnectionTest]/[method:stopCancelsActiveInvokes()]
display-name: stopCancelsActiveInvokes()
]]></system-out>
</testcase>
<testcase name="connectionIdIsAvailableAfterStart()" classname="com.microsoft.signalr.HubConnectionTest" time="0.002">
<system-out><![CDATA[
unique-id: [engine:junit-jupiter]/[class:com.microsoft.signalr.HubConnectionTest]/[method:connectionIdIsAvailableAfterStart()]
display-name: connectionIdIsAvailableAfterStart()
]]></system-out>
</testcase>
<testcase name="sendWithNoParamsTriggersOnHandler()" classname="com.microsoft.signalr.HubConnectionTest" time="0.001">
<system-out><![CDATA[
unique-id: [engine:junit-jupiter]/[class:com.microsoft.signalr.HubConnectionTest]/[method:sendWithNoParamsTriggersOnHandler()]
display-name: sendWithNoParamsTriggersOnHandler()
]]></system-out>
</testcase>
<testcase name="registeringMultipleHandlersAndBothGetTriggered()" classname="com.microsoft.signalr.HubConnectionTest" time="0.002">
<system-out><![CDATA[
unique-id: [engine:junit-jupiter]/[class:com.microsoft.signalr.HubConnectionTest]/[method:registeringMultipleHandlersAndBothGetTriggered()]
display-name: registeringMultipleHandlersAndBothGetTriggered()
]]></system-out>
</testcase>
<testcase name="userSetAuthHeaderIsNotClearedAfterRedirect()" classname="com.microsoft.signalr.HubConnectionTest" time="0.002">
<system-out><![CDATA[
unique-id: [engine:junit-jupiter]/[class:com.microsoft.signalr.HubConnectionTest]/[method:userSetAuthHeaderIsNotClearedAfterRedirect()]
display-name: userSetAuthHeaderIsNotClearedAfterRedirect()
]]></system-out>
</testcase>
<testcase name="canSendNullArgInInvocationWithMessagePack()" classname="com.microsoft.signalr.HubConnectionTest" time="0.001">
<system-out><![CDATA[
unique-id: [engine:junit-jupiter]/[class:com.microsoft.signalr.HubConnectionTest]/[method:canSendNullArgInInvocationWithMessagePack()]
display-name: canSendNullArgInInvocationWithMessagePack()
]]></system-out>
</testcase>
<testcase name="checkStreamWithDisposeWithMessagePack()" classname="com.microsoft.signalr.HubConnectionTest" time="0.003">
<system-out><![CDATA[
unique-id: [engine:junit-jupiter]/[class:com.microsoft.signalr.HubConnectionTest]/[method:checkStreamWithDisposeWithMessagePack()]
display-name: checkStreamWithDisposeWithMessagePack()
]]></system-out>
</testcase>
<testcase name="invokeWaitsForCompletionMessageWithMessagePack()" classname="com.microsoft.signalr.HubConnectionTest" time="0.001">
<system-out><![CDATA[
unique-id: [engine:junit-jupiter]/[class:com.microsoft.signalr.HubConnectionTest]/[method:invokeWaitsForCompletionMessageWithMessagePack()]
display-name: invokeWaitsForCompletionMessageWithMessagePack()
]]></system-out>
</testcase>
<testcase name="sendWithFourParamsTriggersOnHandler()" classname="com.microsoft.signalr.HubConnectionTest" time="0.003">
<system-out><![CDATA[
unique-id: [engine:junit-jupiter]/[class:com.microsoft.signalr.HubConnectionTest]/[method:sendWithFourParamsTriggersOnHandler()]
display-name: sendWithFourParamsTriggersOnHandler()
]]></system-out>
</testcase>
<testcase name="invokeNoReturnValueWaitsForCompletionWithMessagePack()" classname="com.microsoft.signalr.HubConnectionTest" time="0.009">
<system-out><![CDATA[
unique-id: [engine:junit-jupiter]/[class:com.microsoft.signalr.HubConnectionTest]/[method:invokeNoReturnValueWaitsForCompletionWithMessagePack()]
display-name: invokeNoReturnValueWaitsForCompletionWithMessagePack()
]]></system-out>
</testcase>
<testcase name="multipleInvokesWaitForOwnCompletionMessage()" classname="com.microsoft.signalr.HubConnectionTest" time="0.003">
<system-out><![CDATA[
unique-id: [engine:junit-jupiter]/[class:com.microsoft.signalr.HubConnectionTest]/[method:multipleInvokesWaitForOwnCompletionMessage()]
display-name: multipleInvokesWaitForOwnCompletionMessage()
]]></system-out>
</testcase>
<testcase name="checkStreamUploadSingleItemThroughInvoke()" classname="com.microsoft.signalr.HubConnectionTest" time="0.001">
<system-out><![CDATA[
unique-id: [engine:junit-jupiter]/[class:com.microsoft.signalr.HubConnectionTest]/[method:checkStreamUploadSingleItemThroughInvoke()]
display-name: checkStreamUploadSingleItemThroughInvoke()
]]></system-out>
</testcase>
<testcase name="LongPollingTransportAccessTokenProviderThrowsAfterHandshakeClosesConnection()" classname="com.microsoft.signalr.HubConnectionTest" time="0.005">
<system-out><![CDATA[
unique-id: [engine:junit-jupiter]/[class:com.microsoft.signalr.HubConnectionTest]/[method:LongPollingTransportAccessTokenProviderThrowsAfterHandshakeClosesConnection()]
display-name: LongPollingTransportAccessTokenProviderThrowsAfterHandshakeClosesConnection()
]]></system-out>
</testcase>
<testcase name="checkStreamCompletionResultWithMessagePack()" classname="com.microsoft.signalr.HubConnectionTest" time="0.002">
<system-out><![CDATA[
unique-id: [engine:junit-jupiter]/[class:com.microsoft.signalr.HubConnectionTest]/[method:checkStreamCompletionResultWithMessagePack()]
display-name: checkStreamCompletionResultWithMessagePack()
]]></system-out>
</testcase>
<testcase name="negotiateRedirectIsFollowed()" classname="com.microsoft.signalr.HubConnectionTest" time="0.001">
<system-out><![CDATA[
unique-id: [engine:junit-jupiter]/[class:com.microsoft.signalr.HubConnectionTest]/[method:negotiateRedirectIsFollowed()]
display-name: negotiateRedirectIsFollowed()
]]></system-out>
</testcase>
<testcase name="callingStartOnStartingHubConnectionWaitsForOriginalStart()" classname="com.microsoft.signalr.HubConnectionTest" time="0.003">
<system-out><![CDATA[
unique-id: [engine:junit-jupiter]/[class:com.microsoft.signalr.HubConnectionTest]/[method:callingStartOnStartingHubConnectionWaitsForOriginalStart()]
display-name: callingStartOnStartingHubConnectionWaitsForOriginalStart()
]]></system-out>
</testcase>
<testcase name="non200FromNegotiateThrowsError()" classname="com.microsoft.signalr.HubConnectionTest" time="0.001">
<system-out><![CDATA[
unique-id: [engine:junit-jupiter]/[class:com.microsoft.signalr.HubConnectionTest]/[method:non200FromNegotiateThrowsError()]
display-name: non200FromNegotiateThrowsError()
]]></system-out>
</testcase>
<testcase name="sendWithTwoParamsTriggersOnHandler()" classname="com.microsoft.signalr.HubConnectionTest" time="0.001">
<system-out><![CDATA[
unique-id: [engine:junit-jupiter]/[class:com.microsoft.signalr.HubConnectionTest]/[method:sendWithTwoParamsTriggersOnHandler()]
display-name: sendWithTwoParamsTriggersOnHandler()
]]></system-out>
</testcase>
<testcase name="removingMultipleHandlersWithOneCallToRemove()" classname="com.microsoft.signalr.HubConnectionTest" time="0.001">
<system-out><![CDATA[
unique-id: [engine:junit-jupiter]/[class:com.microsoft.signalr.HubConnectionTest]/[method:removingMultipleHandlersWithOneCallToRemove()]
display-name: removingMultipleHandlersWithOneCallToRemove()
]]></system-out>
</testcase>
<testcase name="addAndRemoveHandlerImmediately()" classname="com.microsoft.signalr.HubConnectionTest" time="0.001">
<system-out><![CDATA[
unique-id: [engine:junit-jupiter]/[class:com.microsoft.signalr.HubConnectionTest]/[method:addAndRemoveHandlerImmediately()]
display-name: addAndRemoveHandlerImmediately()
]]></system-out>
</testcase>
<testcase name="hubConnectionUrlCanBeChanged()" classname="com.microsoft.signalr.HubConnectionTest" time="0.002">
<system-out><![CDATA[
unique-id: [engine:junit-jupiter]/[class:com.microsoft.signalr.HubConnectionTest]/[method:hubConnectionUrlCanBeChanged()]
display-name: hubConnectionUrlCanBeChanged()
]]></system-out>
</testcase>
<testcase name="headersAreSetAndSentThroughBuilder()" classname="com.microsoft.signalr.HubConnectionTest" time="0.001">
<system-out><![CDATA[
unique-id: [engine:junit-jupiter]/[class:com.microsoft.signalr.HubConnectionTest]/[method:headersAreSetAndSentThroughBuilder()]
display-name: headersAreSetAndSentThroughBuilder()
]]></system-out>
</testcase>
<testcase name="invokeNoReturnValueHandlesError()" classname="com.microsoft.signalr.HubConnectionTest" time="0.003">
<system-out><![CDATA[
unique-id: [engine:junit-jupiter]/[class:com.microsoft.signalr.HubConnectionTest]/[method:invokeNoReturnValueHandlesError()]
display-name: invokeNoReturnValueHandlesError()
]]></system-out>
</testcase>
<testcase name="sendWithSevenParamsTriggersOnHandlerWithMessagePack()" classname="com.microsoft.signalr.HubConnectionTest" time="0.002">
<system-out><![CDATA[
unique-id: [engine:junit-jupiter]/[class:com.microsoft.signalr.HubConnectionTest]/[method:sendWithSevenParamsTriggersOnHandlerWithMessagePack()]
display-name: sendWithSevenParamsTriggersOnHandlerWithMessagePack()
]]></system-out>
</testcase>
<testcase name="completionMessageCanHaveErrorWithMessagePack()" classname="com.microsoft.signalr.HubConnectionTest" time="0">
<system-out><![CDATA[
unique-id: [engine:junit-jupiter]/[class:com.microsoft.signalr.HubConnectionTest]/[method:completionMessageCanHaveErrorWithMessagePack()]
display-name: completionMessageCanHaveErrorWithMessagePack()
]]></system-out>
</testcase>
<testcase name="checkStreamUploadSingleItemThroughStream()" classname="com.microsoft.signalr.HubConnectionTest" time="0.001">
<system-out><![CDATA[
unique-id: [engine:junit-jupiter]/[class:com.microsoft.signalr.HubConnectionTest]/[method:checkStreamUploadSingleItemThroughStream()]
display-name: checkStreamUploadSingleItemThroughStream()
]]></system-out>
</testcase>
<testcase name="removeHandlerByName()" classname="com.microsoft.signalr.HubConnectionTest" time="0.002">
<system-out><![CDATA[
unique-id: [engine:junit-jupiter]/[class:com.microsoft.signalr.HubConnectionTest]/[method:removeHandlerByName()]
display-name: removeHandlerByName()
]]></system-out>
</testcase>
<testcase name="checkCancelIsSentAfterDispose()" classname="com.microsoft.signalr.HubConnectionTest" time="0">
<system-out><![CDATA[
unique-id: [engine:junit-jupiter]/[class:com.microsoft.signalr.HubConnectionTest]/[method:checkCancelIsSentAfterDispose()]
display-name: checkCancelIsSentAfterDispose()
]]></system-out>
</testcase>
<testcase name="checkStreamUploadMultipleItemsThroughSend()" classname="com.microsoft.signalr.HubConnectionTest" time="0.001">
<system-out><![CDATA[
unique-id: [engine:junit-jupiter]/[class:com.microsoft.signalr.HubConnectionTest]/[method:checkStreamUploadMultipleItemsThroughSend()]
display-name: checkStreamUploadMultipleItemsThroughSend()
]]></system-out>
</testcase>
<testcase name="sendWithFiveParamsTriggersOnHandlerWithMessagePack()" classname="com.microsoft.signalr.HubConnectionTest" time="0.001">
<system-out><![CDATA[
unique-id: [engine:junit-jupiter]/[class:com.microsoft.signalr.HubConnectionTest]/[method:sendWithFiveParamsTriggersOnHandlerWithMessagePack()]
display-name: sendWithFiveParamsTriggersOnHandlerWithMessagePack()
]]></system-out>
</testcase>
<testcase name="authorizationHeaderFromNegotiateGetsClearedAfterStopping()" classname="com.microsoft.signalr.HubConnectionTest" time="0.002">
<system-out><![CDATA[
unique-id: [engine:junit-jupiter]/[class:com.microsoft.signalr.HubConnectionTest]/[method:authorizationHeaderFromNegotiateGetsClearedAfterStopping()]
display-name: authorizationHeaderFromNegotiateGetsClearedAfterStopping()
]]></system-out>
</testcase>
<testcase name="sendWithEightParamsTriggersOnHandlerWithMessagePack()" classname="com.microsoft.signalr.HubConnectionTest" time="0.002">
<system-out><![CDATA[
unique-id: [engine:junit-jupiter]/[class:com.microsoft.signalr.HubConnectionTest]/[method:sendWithEightParamsTriggersOnHandlerWithMessagePack()]
display-name: sendWithEightParamsTriggersOnHandlerWithMessagePack()
]]></system-out>
</testcase>
<testcase name="callingStartOnStartedHubConnectionNoops()" classname="com.microsoft.signalr.HubConnectionTest" time="0">
<system-out><![CDATA[
unique-id: [engine:junit-jupiter]/[class:com.microsoft.signalr.HubConnectionTest]/[method:callingStartOnStartedHubConnectionNoops()]
display-name: callingStartOnStartedHubConnectionNoops()
]]></system-out>
</testcase>
<testcase name="addAndRemoveHandlerImmediatelyWithSubscribe()" classname="com.microsoft.signalr.HubConnectionTest" time="0">
<system-out><![CDATA[
unique-id: [engine:junit-jupiter]/[class:com.microsoft.signalr.HubConnectionTest]/[method:addAndRemoveHandlerImmediatelyWithSubscribe()]
display-name: addAndRemoveHandlerImmediatelyWithSubscribe()
]]></system-out>
</testcase>
<testcase name="receiveHandshakeResponseAndMessage()" classname="com.microsoft.signalr.HubConnectionTest" time="0">
<system-out><![CDATA[
unique-id: [engine:junit-jupiter]/[class:com.microsoft.signalr.HubConnectionTest]/[method:receiveHandshakeResponseAndMessage()]
display-name: receiveHandshakeResponseAndMessage()
]]></system-out>
</testcase>
<testcase name="sendWithParamTriggersOnHandler()" classname="com.microsoft.signalr.HubConnectionTest" time="0">
<system-out><![CDATA[
unique-id: [engine:junit-jupiter]/[class:com.microsoft.signalr.HubConnectionTest]/[method:sendWithParamTriggersOnHandler()]
display-name: sendWithParamTriggersOnHandler()
]]></system-out>
</testcase>
<testcase name="checkStreamUploadMultipleStreamsThroughSend()" classname="com.microsoft.signalr.HubConnectionTest" time="0">
<system-out><![CDATA[
unique-id: [engine:junit-jupiter]/[class:com.microsoft.signalr.HubConnectionTest]/[method:checkStreamUploadMultipleStreamsThroughSend()]
display-name: checkStreamUploadMultipleStreamsThroughSend()
]]></system-out>
</testcase>
<testcase name="receivingServerSentEventsTransportFromNegotiateFails()" classname="com.microsoft.signalr.HubConnectionTest" time="0">
<system-out><![CDATA[
unique-id: [engine:junit-jupiter]/[class:com.microsoft.signalr.HubConnectionTest]/[method:receivingServerSentEventsTransportFromNegotiateFails()]
display-name: receivingServerSentEventsTransportFromNegotiateFails()
]]></system-out>
</testcase>
<testcase name="checkStreamUploadMultipleItemsThroughInvokeWithMessagePack()" classname="com.microsoft.signalr.HubConnectionTest" time="0.001">
<system-out><![CDATA[
unique-id: [engine:junit-jupiter]/[class:com.microsoft.signalr.HubConnectionTest]/[method:checkStreamUploadMultipleItemsThroughInvokeWithMessagePack()]
display-name: checkStreamUploadMultipleItemsThroughInvokeWithMessagePack()
]]></system-out>
</testcase>
<testcase name="userAgentHeaderIsSet()" classname="com.microsoft.signalr.HubConnectionTest" time="0.002">
<system-out><![CDATA[
unique-id: [engine:junit-jupiter]/[class:com.microsoft.signalr.HubConnectionTest]/[method:userAgentHeaderIsSet()]
display-name: userAgentHeaderIsSet()
]]></system-out>
</testcase>
<testcase name="sendWithThreeParamsTriggersOnHandler()" classname="com.microsoft.signalr.HubConnectionTest" time="0.002">
<system-out><![CDATA[
unique-id: [engine:junit-jupiter]/[class:com.microsoft.signalr.HubConnectionTest]/[method:sendWithThreeParamsTriggersOnHandler()]
display-name: sendWithThreeParamsTriggersOnHandler()
]]></system-out>
</testcase>
<testcase name="connectionTimesOutIfServerDoesNotSendMessage()" classname="com.microsoft.signalr.HubConnectionTest" time="0.004">
<system-out><![CDATA[
unique-id: [engine:junit-jupiter]/[class:com.microsoft.signalr.HubConnectionTest]/[method:connectionTimesOutIfServerDoesNotSendMessage()]
display-name: connectionTimesOutIfServerDoesNotSendMessage()
]]></system-out>
</testcase>
<testcase name="afterSuccessfulNegotiateConnectsWithWebsocketsTransport()" classname="com.microsoft.signalr.HubConnectionTest" time="0.001">
<system-out><![CDATA[
unique-id: [engine:junit-jupiter]/[class:com.microsoft.signalr.HubConnectionTest]/[method:afterSuccessfulNegotiateConnectsWithWebsocketsTransport()]
display-name: afterSuccessfulNegotiateConnectsWithWebsocketsTransport()
]]></system-out>
</testcase>
<testcase name="afterSuccessfulNegotiateConnectsWithLongPollingTransport()" classname="com.microsoft.signalr.HubConnectionTest" time="0">
<system-out><![CDATA[
unique-id: [engine:junit-jupiter]/[class:com.microsoft.signalr.HubConnectionTest]/[method:afterSuccessfulNegotiateConnectsWithLongPollingTransport()]
display-name: afterSuccessfulNegotiateConnectsWithLongPollingTransport()
]]></system-out>
</testcase>
<testcase name="useSameSubjectInMutlipleStreamsFromDifferentMethodsWithMessagePack()" classname="com.microsoft.signalr.HubConnectionTest" time="0.001">
<system-out><![CDATA[
unique-id: [engine:junit-jupiter]/[class:com.microsoft.signalr.HubConnectionTest]/[method:useSameSubjectInMutlipleStreamsFromDifferentMethodsWithMessagePack()]
display-name: useSameSubjectInMutlipleStreamsFromDifferentMethodsWithMessagePack()
]]></system-out>
</testcase>
<testcase name="onClosedCallbackRunsWhenStopIsCalled()" classname="com.microsoft.signalr.HubConnectionTest" time="0.004">
<system-out><![CDATA[
unique-id: [engine:junit-jupiter]/[class:com.microsoft.signalr.HubConnectionTest]/[method:onClosedCallbackRunsWhenStopIsCalled()]
display-name: onClosedCallbackRunsWhenStopIsCalled()
]]></system-out>
</testcase>
<testcase name="negotiateThatReturnsErrorThrowsFromStart()" classname="com.microsoft.signalr.HubConnectionTest" time="0.001">
<system-out><![CDATA[
unique-id: [engine:junit-jupiter]/[class:com.microsoft.signalr.HubConnectionTest]/[method:negotiateThatReturnsErrorThrowsFromStart()]
display-name: negotiateThatReturnsErrorThrowsFromStart()
]]></system-out>
</testcase>
<testcase name="removeHandlerWithUnsubscribe()" classname="com.microsoft.signalr.HubConnectionTest" time="0.002">
<system-out><![CDATA[
unique-id: [engine:junit-jupiter]/[class:com.microsoft.signalr.HubConnectionTest]/[method:removeHandlerWithUnsubscribe()]
display-name: removeHandlerWithUnsubscribe()
]]></system-out>
</testcase>
<testcase name="invokeWorksForPrimitiveTypesWithMessagePack()" classname="com.microsoft.signalr.HubConnectionTest" time="0.001">
<system-out><![CDATA[
unique-id: [engine:junit-jupiter]/[class:com.microsoft.signalr.HubConnectionTest]/[method:invokeWorksForPrimitiveTypesWithMessagePack()]
display-name: invokeWorksForPrimitiveTypesWithMessagePack()
]]></system-out>
</testcase>
<testcase name="sendWithFourParamsTriggersOnHandlerWithMessagePack()" classname="com.microsoft.signalr.HubConnectionTest" time="0">
<system-out><![CDATA[
unique-id: [engine:junit-jupiter]/[class:com.microsoft.signalr.HubConnectionTest]/[method:sendWithFourParamsTriggersOnHandlerWithMessagePack()]
display-name: sendWithFourParamsTriggersOnHandlerWithMessagePack()
]]></system-out>
</testcase>
<testcase name="cannotInvokeBeforeStart()" classname="com.microsoft.signalr.HubConnectionTest" time="0">
<system-out><![CDATA[
unique-id: [engine:junit-jupiter]/[class:com.microsoft.signalr.HubConnectionTest]/[method:cannotInvokeBeforeStart()]
display-name: cannotInvokeBeforeStart()
]]></system-out>
</testcase>
<testcase name="canStartAndStopMultipleStreams()" classname="com.microsoft.signalr.HubConnectionTest" time="0.001">
<system-out><![CDATA[
unique-id: [engine:junit-jupiter]/[class:com.microsoft.signalr.HubConnectionTest]/[method:canStartAndStopMultipleStreams()]
display-name: canStartAndStopMultipleStreams()
]]></system-out>
</testcase>
<testcase name="checkStreamWithDisposeWithMultipleSubscriptionsWithMessagePack()" classname="com.microsoft.signalr.HubConnectionTest" time="0.001">
<system-out><![CDATA[
unique-id: [engine:junit-jupiter]/[class:com.microsoft.signalr.HubConnectionTest]/[method:checkStreamWithDisposeWithMultipleSubscriptionsWithMessagePack()]
display-name: checkStreamWithDisposeWithMultipleSubscriptionsWithMessagePack()
]]></system-out>
</testcase>
<testcase name="negotiateSentOnStart()" classname="com.microsoft.signalr.HubConnectionTest" time="0.001">
<system-out><![CDATA[
unique-id: [engine:junit-jupiter]/[class:com.microsoft.signalr.HubConnectionTest]/[method:negotiateSentOnStart()]
display-name: negotiateSentOnStart()
]]></system-out>
</testcase>
<testcase name="completionWithResultAndErrorHandlesError()" classname="com.microsoft.signalr.HubConnectionTest" time="0.002">
<system-out><![CDATA[
unique-id: [engine:junit-jupiter]/[class:com.microsoft.signalr.HubConnectionTest]/[method:completionWithResultAndErrorHandlesError()]
display-name: completionWithResultAndErrorHandlesError()
]]></system-out>
</testcase>
<testcase name="multipleInvokesWaitForOwnCompletionMessageWithMessagePack()" classname="com.microsoft.signalr.HubConnectionTest" time="0.002">
<system-out><![CDATA[
unique-id: [engine:junit-jupiter]/[class:com.microsoft.signalr.HubConnectionTest]/[method:multipleInvokesWaitForOwnCompletionMessageWithMessagePack()]
display-name: multipleInvokesWaitForOwnCompletionMessageWithMessagePack()
]]></system-out>
</testcase>
<testcase name="connectionTokenAppearsInQSConnectionIdIsOnConnectionInstance()" classname="com.microsoft.signalr.HubConnectionTest" time="0">
<system-out><![CDATA[
unique-id: [engine:junit-jupiter]/[class:com.microsoft.signalr.HubConnectionTest]/[method:connectionTokenAppearsInQSConnectionIdIsOnConnectionInstance()]
display-name: connectionTokenAppearsInQSConnectionIdIsOnConnectionInstance()
]]></system-out>
</testcase>
<testcase name="checkHubConnectionStateNoHandShakeResponse()" classname="com.microsoft.signalr.HubConnectionTest" time="0.115">
<system-out><![CDATA[
unique-id: [engine:junit-jupiter]/[class:com.microsoft.signalr.HubConnectionTest]/[method:checkHubConnectionStateNoHandShakeResponse()]
display-name: checkHubConnectionStateNoHandShakeResponse()
]]></system-out>
</testcase>
<testcase name="invokeWorksForPrimitiveTypes()" classname="com.microsoft.signalr.HubConnectionTest" time="0.001">
<system-out><![CDATA[
unique-id: [engine:junit-jupiter]/[class:com.microsoft.signalr.HubConnectionTest]/[method:invokeWorksForPrimitiveTypes()]
display-name: invokeWorksForPrimitiveTypes()
]]></system-out>
</testcase>
<testcase name="unsubscribeTwice()" classname="com.microsoft.signalr.HubConnectionTest" time="0.001">
<system-out><![CDATA[
unique-id: [engine:junit-jupiter]/[class:com.microsoft.signalr.HubConnectionTest]/[method:unsubscribeTwice()]
display-name: unsubscribeTwice()
]]></system-out>
</testcase>
<testcase name="multipleOnClosedCallbacksRunWhenStopIsCalled()" classname="com.microsoft.signalr.HubConnectionTest" time="0.001">
<system-out><![CDATA[
unique-id: [engine:junit-jupiter]/[class:com.microsoft.signalr.HubConnectionTest]/[method:multipleOnClosedCallbacksRunWhenStopIsCalled()]
display-name: multipleOnClosedCallbacksRunWhenStopIsCalled()
]]></system-out>
</testcase>
<testcase name="canSendMultipleNullArgsInInvocationWithMessagePack()" classname="com.microsoft.signalr.HubConnectionTest" time="0.001">
<system-out><![CDATA[
unique-id: [engine:junit-jupiter]/[class:com.microsoft.signalr.HubConnectionTest]/[method:canSendMultipleNullArgsInInvocationWithMessagePack()]
display-name: canSendMultipleNullArgsInInvocationWithMessagePack()
]]></system-out>
</testcase>
<testcase name="checkCancelIsSentAfterDisposeWithMessagePack()" classname="com.microsoft.signalr.HubConnectionTest" time="0.001">
<system-out><![CDATA[
unique-id: [engine:junit-jupiter]/[class:com.microsoft.signalr.HubConnectionTest]/[method:checkCancelIsSentAfterDisposeWithMessagePack()]
display-name: checkCancelIsSentAfterDisposeWithMessagePack()
]]></system-out>
</testcase>
<testcase name="ClientThatSelectsWebsocketsThrowsWhenWebsocketsAreNotAvailable()" classname="com.microsoft.signalr.HubConnectionTest" time="0.001">
<system-out><![CDATA[
unique-id: [engine:junit-jupiter]/[class:com.microsoft.signalr.HubConnectionTest]/[method:ClientThatSelectsWebsocketsThrowsWhenWebsocketsAreNotAvailable()]
display-name: ClientThatSelectsWebsocketsThrowsWhenWebsocketsAreNotAvailable()
]]></system-out>
</testcase>
<testcase name="LongPollingTransportAccessTokenProviderThrowsOnInitialPoll()" classname="com.microsoft.signalr.HubConnectionTest" time="0">
<system-out><![CDATA[
unique-id: [engine:junit-jupiter]/[class:com.microsoft.signalr.HubConnectionTest]/[method:LongPollingTransportAccessTokenProviderThrowsOnInitialPoll()]
display-name: LongPollingTransportAccessTokenProviderThrowsOnInitialPoll()
]]></system-out>
</testcase>
<testcase name="useSameSubjectInMutlipleStreamsFromDifferentMethods()" classname="com.microsoft.signalr.HubConnectionTest" time="0.001">
<system-out><![CDATA[
unique-id: [engine:junit-jupiter]/[class:com.microsoft.signalr.HubConnectionTest]/[method:useSameSubjectInMutlipleStreamsFromDifferentMethods()]
display-name: useSameSubjectInMutlipleStreamsFromDifferentMethods()
]]></system-out>
</testcase>
<testcase name="accessTokenProviderIsOverriddenFromRedirectNegotiate()" classname="com.microsoft.signalr.HubConnectionTest" time="0.002">
<system-out><![CDATA[
unique-id: [engine:junit-jupiter]/[class:com.microsoft.signalr.HubConnectionTest]/[method:accessTokenProviderIsOverriddenFromRedirectNegotiate()]
display-name: accessTokenProviderIsOverriddenFromRedirectNegotiate()
]]></system-out>
</testcase>
<testcase name="sendWithSixParamsTriggersOnHandlerWithMessagePack()" classname="com.microsoft.signalr.HubConnectionTest" time="0.002">
<system-out><![CDATA[
unique-id: [engine:junit-jupiter]/[class:com.microsoft.signalr.HubConnectionTest]/[method:sendWithSixParamsTriggersOnHandlerWithMessagePack()]
display-name: sendWithSixParamsTriggersOnHandlerWithMessagePack()
]]></system-out>
</testcase>
<testcase name="useSameSubjectMultipleTimes()" classname="com.microsoft.signalr.HubConnectionTest" time="0.002">
<system-out><![CDATA[
unique-id: [engine:junit-jupiter]/[class:com.microsoft.signalr.HubConnectionTest]/[method:useSameSubjectMultipleTimes()]
display-name: useSameSubjectMultipleTimes()
]]></system-out>
</testcase>
<testcase name="completionMessageCanHaveError()" classname="com.microsoft.signalr.HubConnectionTest" time="0.002">
<system-out><![CDATA[
unique-id: [engine:junit-jupiter]/[class:com.microsoft.signalr.HubConnectionTest]/[method:completionMessageCanHaveError()]
display-name: completionMessageCanHaveError()
]]></system-out>
</testcase>
<testcase name="hubConnectionClosesAfterCloseMessage()" classname="com.microsoft.signalr.HubConnectionTest" time="0.001">
<system-out><![CDATA[
unique-id: [engine:junit-jupiter]/[class:com.microsoft.signalr.HubConnectionTest]/[method:hubConnectionClosesAfterCloseMessage()]
display-name: hubConnectionClosesAfterCloseMessage()
]]></system-out>
</testcase>
<testcase name="cannotStreamBeforeStart()" classname="com.microsoft.signalr.HubConnectionTest" time="0">
<system-out><![CDATA[
unique-id: [engine:junit-jupiter]/[class:com.microsoft.signalr.HubConnectionTest]/[method:cannotStreamBeforeStart()]
display-name: cannotStreamBeforeStart()
]]></system-out>
</testcase>
<testcase name="sendWithParamTriggersOnHandlerWithMessagePack()" classname="com.microsoft.signalr.HubConnectionTest" time="0.001">
<system-out><![CDATA[
unique-id: [engine:junit-jupiter]/[class:com.microsoft.signalr.HubConnectionTest]/[method:sendWithParamTriggersOnHandlerWithMessagePack()]
display-name: sendWithParamTriggersOnHandlerWithMessagePack()
]]></system-out>
</testcase>
<testcase name="hubConnectionCloseCallsStop()" classname="com.microsoft.signalr.HubConnectionTest" time="0">
<system-out><![CDATA[
unique-id: [engine:junit-jupiter]/[class:com.microsoft.signalr.HubConnectionTest]/[method:hubConnectionCloseCallsStop()]
display-name: hubConnectionCloseCallsStop()
]]></system-out>
</testcase>
<testcase name="checkStreamCompletionErrorWithMessagePack()" classname="com.microsoft.signalr.HubConnectionTest" time="0.002">
<system-out><![CDATA[
unique-id: [engine:junit-jupiter]/[class:com.microsoft.signalr.HubConnectionTest]/[method:checkStreamCompletionErrorWithMessagePack()]
display-name: checkStreamCompletionErrorWithMessagePack()
]]></system-out>
</testcase>
<testcase name="transportCloseTriggersStopInHubConnection()" classname="com.microsoft.signalr.HubConnectionTest" time="0">
<system-out><![CDATA[
unique-id: [engine:junit-jupiter]/[class:com.microsoft.signalr.HubConnectionTest]/[method:transportCloseTriggersStopInHubConnection()]
display-name: transportCloseTriggersStopInHubConnection()
]]></system-out>
</testcase>
<testcase name="hubConnectionCanBeStartedAfterBeingStopped()" classname="com.microsoft.signalr.HubConnectionTest" time="0.797">
<system-out><![CDATA[
unique-id: [engine:junit-jupiter]/[class:com.microsoft.signalr.HubConnectionTest]/[method:hubConnectionCanBeStartedAfterBeingStopped()]
display-name: hubConnectionCanBeStartedAfterBeingStopped()
]]></system-out>
</testcase>
<testcase name="authorizationHeaderFromNegotiateGetsSetToNewValue()" classname="com.microsoft.signalr.HubConnectionTest" time="0.003">
<system-out><![CDATA[
unique-id: [engine:junit-jupiter]/[class:com.microsoft.signalr.HubConnectionTest]/[method:authorizationHeaderFromNegotiateGetsSetToNewValue()]
display-name: authorizationHeaderFromNegotiateGetsSetToNewValue()
]]></system-out>
</testcase>
<testcase name="constructHubConnectionWithHttpConnectionOptions()" classname="com.microsoft.signalr.HubConnectionTest" time="0.002">
<system-out><![CDATA[
unique-id: [engine:junit-jupiter]/[class:com.microsoft.signalr.HubConnectionTest]/[method:constructHubConnectionWithHttpConnectionOptions()]
display-name: constructHubConnectionWithHttpConnectionOptions()
]]></system-out>
</testcase>
<testcase name="sendWithSevenParamsTriggersOnHandler()" classname="com.microsoft.signalr.HubConnectionTest" time="0.001">
<system-out><![CDATA[
unique-id: [engine:junit-jupiter]/[class:com.microsoft.signalr.HubConnectionTest]/[method:sendWithSevenParamsTriggersOnHandler()]
display-name: sendWithSevenParamsTriggersOnHandler()
]]></system-out>
</testcase>
<testcase name="sendWithCustomObjectTriggersOnHandlerWithMessagePack()" classname="com.microsoft.signalr.HubConnectionTest" time="0.045">
<system-out><![CDATA[
unique-id: [engine:junit-jupiter]/[class:com.microsoft.signalr.HubConnectionTest]/[method:sendWithCustomObjectTriggersOnHandlerWithMessagePack()]
display-name: sendWithCustomObjectTriggersOnHandlerWithMessagePack()
]]></system-out>
</testcase>
<testcase name="canSendNullArgInInvocation()" classname="com.microsoft.signalr.HubConnectionTest" time="0.001">
<system-out><![CDATA[
unique-id: [engine:junit-jupiter]/[class:com.microsoft.signalr.HubConnectionTest]/[method:canSendNullArgInInvocation()]
display-name: canSendNullArgInInvocation()
]]></system-out>
</testcase>
<testcase name="ClientThatSelectsLongPollingThrowsWhenLongPollingIsNotAvailable()" classname="com.microsoft.signalr.HubConnectionTest" time="0.001">
<system-out><![CDATA[
unique-id: [engine:junit-jupiter]/[class:com.microsoft.signalr.HubConnectionTest]/[method:ClientThatSelectsLongPollingThrowsWhenLongPollingIsNotAvailable()]
display-name: ClientThatSelectsLongPollingThrowsWhenLongPollingIsNotAvailable()
]]></system-out>
</testcase>
<testcase name="sameHeaderSetTwiceGetsOverwritten()" classname="com.microsoft.signalr.HubConnectionTest" time="0">
<system-out><![CDATA[
unique-id: [engine:junit-jupiter]/[class:com.microsoft.signalr.HubConnectionTest]/[method:sameHeaderSetTwiceGetsOverwritten()]
display-name: sameHeaderSetTwiceGetsOverwritten()
]]></system-out>
</testcase>
<testcase name="LongPollingTransportAccessTokenProviderThrowsDuringStop()" classname="com.microsoft.signalr.HubConnectionTest" time="0.001">
<system-out><![CDATA[
unique-id: [engine:junit-jupiter]/[class:com.microsoft.signalr.HubConnectionTest]/[method:LongPollingTransportAccessTokenProviderThrowsDuringStop()]
display-name: LongPollingTransportAccessTokenProviderThrowsDuringStop()
]]></system-out>
</testcase>
<testcase name="sendWithEightParamsTriggersOnHandler()" classname="com.microsoft.signalr.HubConnectionTest" time="0.002">
<system-out><![CDATA[
unique-id: [engine:junit-jupiter]/[class:com.microsoft.signalr.HubConnectionTest]/[method:sendWithEightParamsTriggersOnHandler()]
display-name: sendWithEightParamsTriggersOnHandler()
]]></system-out>
</testcase>
<testcase name="removeSingleHandlerWithUnsubscribe()" classname="com.microsoft.signalr.HubConnectionTest" time="0">
<system-out><![CDATA[
unique-id: [engine:junit-jupiter]/[class:com.microsoft.signalr.HubConnectionTest]/[method:removeSingleHandlerWithUnsubscribe()]
display-name: removeSingleHandlerWithUnsubscribe()
]]></system-out>
</testcase>
<testcase name="checkStreamUploadSingleItemThroughStreamWithMessagePack()" classname="com.microsoft.signalr.HubConnectionTest" time="0">
<system-out><![CDATA[
unique-id: [engine:junit-jupiter]/[class:com.microsoft.signalr.HubConnectionTest]/[method:checkStreamUploadSingleItemThroughStreamWithMessagePack()]
display-name: checkStreamUploadSingleItemThroughStreamWithMessagePack()
]]></system-out>
</testcase>
<testcase name="streamMapEntriesRemovedOnStreamClose()" classname="com.microsoft.signalr.HubConnectionTest" time="0.001">
<system-out><![CDATA[
unique-id: [engine:junit-jupiter]/[class:com.microsoft.signalr.HubConnectionTest]/[method:streamMapEntriesRemovedOnStreamClose()]
display-name: streamMapEntriesRemovedOnStreamClose()
]]></system-out>
</testcase>
<testcase name="checkStreamMultipleItems()" classname="com.microsoft.signalr.HubConnectionTest" time="0.032">
<system-out><![CDATA[
unique-id: [engine:junit-jupiter]/[class:com.microsoft.signalr.HubConnectionTest]/[method:checkStreamMultipleItems()]
display-name: checkStreamMultipleItems()
]]></system-out>
</testcase>
<testcase name="checkStreamUploadThroughSendWithArgs()" classname="com.microsoft.signalr.HubConnectionTest" time="0">
<system-out><![CDATA[
unique-id: [engine:junit-jupiter]/[class:com.microsoft.signalr.HubConnectionTest]/[method:checkStreamUploadThroughSendWithArgs()]
display-name: checkStreamUploadThroughSendWithArgs()
]]></system-out>
</testcase>
<testcase name="invalidHandShakeResponse()" classname="com.microsoft.signalr.HubConnectionTest" time="0">
<system-out><![CDATA[
unique-id: [engine:junit-jupiter]/[class:com.microsoft.signalr.HubConnectionTest]/[method:invalidHandShakeResponse()]
display-name: invalidHandShakeResponse()
]]></system-out>
</testcase>
<testcase name="checkHubConnectionState()" classname="com.microsoft.signalr.HubConnectionTest" time="0">
<system-out><![CDATA[
unique-id: [engine:junit-jupiter]/[class:com.microsoft.signalr.HubConnectionTest]/[method:checkHubConnectionState()]
display-name: checkHubConnectionState()
]]></system-out>
</testcase>
<testcase name="checkStreamWithDispose()" classname="com.microsoft.signalr.HubConnectionTest" time="0">
<system-out><![CDATA[
unique-id: [engine:junit-jupiter]/[class:com.microsoft.signalr.HubConnectionTest]/[method:checkStreamWithDispose()]
display-name: checkStreamWithDispose()
]]></system-out>
</testcase>
<testcase name="checkStreamCompletionResult()" classname="com.microsoft.signalr.HubConnectionTest" time="0">
<system-out><![CDATA[
unique-id: [engine:junit-jupiter]/[class:com.microsoft.signalr.HubConnectionTest]/[method:checkStreamCompletionResult()]
display-name: checkStreamCompletionResult()
]]></system-out>
</testcase>
<testcase name="checkStreamUploadSingleItemThroughInvokeWithMessagePack()" classname="com.microsoft.signalr.HubConnectionTest" time="0.001">
<system-out><![CDATA[
unique-id: [engine:junit-jupiter]/[class:com.microsoft.signalr.HubConnectionTest]/[method:checkStreamUploadSingleItemThroughInvokeWithMessagePack()]
display-name: checkStreamUploadSingleItemThroughInvokeWithMessagePack()
]]></system-out>
</testcase>
<testcase name="sendWithFiveParamsTriggersOnHandler()" classname="com.microsoft.signalr.HubConnectionTest" time="0">
<system-out><![CDATA[
unique-id: [engine:junit-jupiter]/[class:com.microsoft.signalr.HubConnectionTest]/[method:sendWithFiveParamsTriggersOnHandler()]
display-name: sendWithFiveParamsTriggersOnHandler()
]]></system-out>
</testcase>
<testcase name="sendWithTwoParamsTriggersOnHandlerWithMessagePack()" classname="com.microsoft.signalr.HubConnectionTest" time="0.005">
<system-out><![CDATA[
unique-id: [engine:junit-jupiter]/[class:com.microsoft.signalr.HubConnectionTest]/[method:sendWithTwoParamsTriggersOnHandlerWithMessagePack()]
display-name: sendWithTwoParamsTriggersOnHandlerWithMessagePack()
]]></system-out>
</testcase>
<testcase name="sendWithSixParamsTriggersOnHandler()" classname="com.microsoft.signalr.HubConnectionTest" time="0.002">
<system-out><![CDATA[
unique-id: [engine:junit-jupiter]/[class:com.microsoft.signalr.HubConnectionTest]/[method:sendWithSixParamsTriggersOnHandler()]
display-name: sendWithSixParamsTriggersOnHandler()
]]></system-out>
</testcase>
<testcase name="invokeWaitsForCompletionMessage()" classname="com.microsoft.signalr.HubConnectionTest" time="0.001">
<system-out><![CDATA[
unique-id: [engine:junit-jupiter]/[class:com.microsoft.signalr.HubConnectionTest]/[method:invokeWaitsForCompletionMessage()]
display-name: invokeWaitsForCompletionMessage()
]]></system-out>
</testcase>
<testcase name="checkStreamSingleItem()" classname="com.microsoft.signalr.HubConnectionTest" time="0.001">
<system-out><![CDATA[
unique-id: [engine:junit-jupiter]/[class:com.microsoft.signalr.HubConnectionTest]/[method:checkStreamSingleItem()]
display-name: checkStreamSingleItem()
]]></system-out>
</testcase>
<testcase name="changingUrlWhenConnectedThrows()" classname="com.microsoft.signalr.HubConnectionTest" time="0">
<system-out><![CDATA[
unique-id: [engine:junit-jupiter]/[class:com.microsoft.signalr.HubConnectionTest]/[method:changingUrlWhenConnectedThrows()]
display-name: changingUrlWhenConnectedThrows()
]]></system-out>
</testcase>
<testcase name="AccessTokenProviderCanProvideDifferentValues()" classname="com.microsoft.signalr.HubConnectionTest" time="0.001">
<system-out><![CDATA[
unique-id: [engine:junit-jupiter]/[class:com.microsoft.signalr.HubConnectionTest]/[method:AccessTokenProviderCanProvideDifferentValues()]
display-name: AccessTokenProviderCanProvideDifferentValues()
]]></system-out>
</testcase>
<testcase name="hubConnectionReceiveHandshakeResponseWithError()" classname="com.microsoft.signalr.HubConnectionTest" time="0">
<system-out><![CDATA[
unique-id: [engine:junit-jupiter]/[class:com.microsoft.signalr.HubConnectionTest]/[method:hubConnectionReceiveHandshakeResponseWithError()]
display-name: hubConnectionReceiveHandshakeResponseWithError()
]]></system-out>
</testcase>
<testcase name="invokeNoReturnValueHandlesErrorWithMessagePack()" classname="com.microsoft.signalr.HubConnectionTest" time="0.002">
<system-out><![CDATA[
unique-id: [engine:junit-jupiter]/[class:com.microsoft.signalr.HubConnectionTest]/[method:invokeNoReturnValueHandlesErrorWithMessagePack()]
display-name: invokeNoReturnValueHandlesErrorWithMessagePack()
]]></system-out>
</testcase>
<testcase name="hubConnectionClosesAndRunsOnClosedCallbackAfterCloseMessageWithError()" classname="com.microsoft.signalr.HubConnectionTest" time="0">
<system-out><![CDATA[
unique-id: [engine:junit-jupiter]/[class:com.microsoft.signalr.HubConnectionTest]/[method:hubConnectionClosesAndRunsOnClosedCallbackAfterCloseMessageWithError()]
display-name: hubConnectionClosesAndRunsOnClosedCallbackAfterCloseMessageWithError()
]]></system-out>
</testcase>
<testcase name="checkStreamMultipleItemsWithMessagePack()" classname="com.microsoft.signalr.HubConnectionTest" time="0.001">
<system-out><![CDATA[
unique-id: [engine:junit-jupiter]/[class:com.microsoft.signalr.HubConnectionTest]/[method:checkStreamMultipleItemsWithMessagePack()]
display-name: checkStreamMultipleItemsWithMessagePack()
]]></system-out>
</testcase>
<testcase name="settingNewUrlToNullThrows()" classname="com.microsoft.signalr.HubConnectionTest" time="0">
<system-out><![CDATA[
unique-id: [engine:junit-jupiter]/[class:com.microsoft.signalr.HubConnectionTest]/[method:settingNewUrlToNullThrows()]
display-name: settingNewUrlToNullThrows()
]]></system-out>
</testcase>
<testcase name="sendWithCustomObjectTriggersOnHandler()" classname="com.microsoft.signalr.HubConnectionTest" time="0.001">
<system-out><![CDATA[
unique-id: [engine:junit-jupiter]/[class:com.microsoft.signalr.HubConnectionTest]/[method:sendWithCustomObjectTriggersOnHandler()]
display-name: sendWithCustomObjectTriggersOnHandler()
]]></system-out>
</testcase>
<testcase name="negotiateVersionIsNotAddedIfAlreadyPresent()" classname="com.microsoft.signalr.HubConnectionTest" time="0.002">
<system-out><![CDATA[
unique-id: [engine:junit-jupiter]/[class:com.microsoft.signalr.HubConnectionTest]/[method:negotiateVersionIsNotAddedIfAlreadyPresent()]
display-name: negotiateVersionIsNotAddedIfAlreadyPresent()
]]></system-out>
</testcase>
<testcase name="checkStreamWithDisposeWithMultipleSubscriptions()" classname="com.microsoft.signalr.HubConnectionTest" time="0.002">
<system-out><![CDATA[
unique-id: [engine:junit-jupiter]/[class:com.microsoft.signalr.HubConnectionTest]/[method:checkStreamWithDisposeWithMultipleSubscriptions()]
display-name: checkStreamWithDisposeWithMultipleSubscriptions()
]]></system-out>
</testcase>
<testcase name="hubConnectionCanBeStartedAfterBeingStoppedAndRedirected()" classname="com.microsoft.signalr.HubConnectionTest" time="0.001">
<system-out><![CDATA[
unique-id: [engine:junit-jupiter]/[class:com.microsoft.signalr.HubConnectionTest]/[method:hubConnectionCanBeStartedAfterBeingStoppedAndRedirected()]
display-name: hubConnectionCanBeStartedAfterBeingStoppedAndRedirected()
]]></system-out>
</testcase>
<testcase name="accessTokenProviderReferenceIsKeptAfterNegotiateRedirect()" classname="com.microsoft.signalr.HubConnectionTest" time="0.001">
<system-out><![CDATA[
unique-id: [engine:junit-jupiter]/[class:com.microsoft.signalr.HubConnectionTest]/[method:accessTokenProviderReferenceIsKeptAfterNegotiateRedirect()]
display-name: accessTokenProviderReferenceIsKeptAfterNegotiateRedirect()
]]></system-out>
</testcase>
<testcase name="registeringMultipleHandlersThatTakeParamsAndBothGetTriggered()" classname="com.microsoft.signalr.HubConnectionTest" time="0.001">
<system-out><![CDATA[
unique-id: [engine:junit-jupiter]/[class:com.microsoft.signalr.HubConnectionTest]/[method:registeringMultipleHandlersThatTakeParamsAndBothGetTriggered()]
display-name: registeringMultipleHandlersThatTakeParamsAndBothGetTriggered()
]]></system-out>
</testcase>
<testcase name="userAgentHeaderCanBeOverwritten()" classname="com.microsoft.signalr.HubConnectionTest" time="0">
<system-out><![CDATA[
unique-id: [engine:junit-jupiter]/[class:com.microsoft.signalr.HubConnectionTest]/[method:userAgentHeaderCanBeOverwritten()]
display-name: userAgentHeaderCanBeOverwritten()
]]></system-out>
</testcase>
<testcase name="canUpdateUrlInOnClosed()" classname="com.microsoft.signalr.HubConnectionTest" time="0.001">
<system-out><![CDATA[
unique-id: [engine:junit-jupiter]/[class:com.microsoft.signalr.HubConnectionTest]/[method:canUpdateUrlInOnClosed()]
display-name: canUpdateUrlInOnClosed()
]]></system-out>
</testcase>
<testcase name="sendWithThreeParamsTriggersOnHandlerWithMessagePack()" classname="com.microsoft.signalr.HubConnectionTest" time="0.001">
<system-out><![CDATA[
unique-id: [engine:junit-jupiter]/[class:com.microsoft.signalr.HubConnectionTest]/[method:sendWithThreeParamsTriggersOnHandlerWithMessagePack()]
display-name: sendWithThreeParamsTriggersOnHandlerWithMessagePack()
]]></system-out>
</testcase>
<testcase name="noConnectionIdWhenSkippingNegotiate()" classname="com.microsoft.signalr.HubConnectionTest" time="0.001">
<system-out><![CDATA[
unique-id: [engine:junit-jupiter]/[class:com.microsoft.signalr.HubConnectionTest]/[method:noConnectionIdWhenSkippingNegotiate()]
display-name: noConnectionIdWhenSkippingNegotiate()
]]></system-out>
</testcase>
<testcase name="invokeCompletedByCompletionMessageWithResultWithMessagePack()" classname="com.microsoft.signalr.HubConnectionTest" time="0">
<system-out><![CDATA[
unique-id: [engine:junit-jupiter]/[class:com.microsoft.signalr.HubConnectionTest]/[method:invokeCompletedByCompletionMessageWithResultWithMessagePack()]
display-name: invokeCompletedByCompletionMessageWithResultWithMessagePack()
]]></system-out>
</testcase>
<testcase name="userAgentCanBeCleared()" classname="com.microsoft.signalr.HubConnectionTest" time="0">
<system-out><![CDATA[
unique-id: [engine:junit-jupiter]/[class:com.microsoft.signalr.HubConnectionTest]/[method:userAgentCanBeCleared()]
display-name: userAgentCanBeCleared()
]]></system-out>
</testcase>
<testcase name="invokeCompletedByCompletionMessageWithResult()" classname="com.microsoft.signalr.HubConnectionTest" time="0">
<system-out><![CDATA[
unique-id: [engine:junit-jupiter]/[class:com.microsoft.signalr.HubConnectionTest]/[method:invokeCompletedByCompletionMessageWithResult()]
display-name: invokeCompletedByCompletionMessageWithResult()
]]></system-out>
</testcase>
<testcase name="ErrorInAccessTokenProviderThrowsFromStart()" classname="com.microsoft.signalr.HubConnectionTest" time="0.002">
<system-out><![CDATA[
unique-id: [engine:junit-jupiter]/[class:com.microsoft.signalr.HubConnectionTest]/[method:ErrorInAccessTokenProviderThrowsFromStart()]
display-name: ErrorInAccessTokenProviderThrowsFromStart()
]]></system-out>
</testcase>
<testcase name="VeryHubExceptionInnerExceptionIsSet()" classname="com.microsoft.signalr.HubExceptionTest" time="0">
<system-out><![CDATA[
unique-id: [engine:junit-jupiter]/[class:com.microsoft.signalr.HubExceptionTest]/[method:VeryHubExceptionInnerExceptionIsSet()]
display-name: VeryHubExceptionInnerExceptionIsSet()
]]></system-out>
</testcase>
<testcase name="VeryHubExceptionMesssageIsSet()" classname="com.microsoft.signalr.HubExceptionTest" time="0">
<system-out><![CDATA[
unique-id: [engine:junit-jupiter]/[class:com.microsoft.signalr.HubExceptionTest]/[method:VeryHubExceptionMesssageIsSet()]
display-name: VeryHubExceptionMesssageIsSet()
]]></system-out>
</testcase>
<testcase name="parseCompletionMessageWithOutOfOrderProperties()" classname="com.microsoft.signalr.JsonHubProtocolTest" time="0.001">
<system-out><![CDATA[
unique-id: [engine:junit-jupiter]/[class:com.microsoft.signalr.JsonHubProtocolTest]/[method:parseCompletionMessageWithOutOfOrderProperties()]
display-name: parseCompletionMessageWithOutOfOrderProperties()
]]></system-out>
</testcase>
<testcase name="parseSingleUnsupportedStreamInvocationMessage()" classname="com.microsoft.signalr.JsonHubProtocolTest" time="0">
<system-out><![CDATA[
unique-id: [engine:junit-jupiter]/[class:com.microsoft.signalr.JsonHubProtocolTest]/[method:parseSingleUnsupportedStreamInvocationMessage()]
display-name: parseSingleUnsupportedStreamInvocationMessage()
]]></system-out>
</testcase>
<testcase name="parseCloseMessageWithError()" classname="com.microsoft.signalr.JsonHubProtocolTest" time="0">
<system-out><![CDATA[
unique-id: [engine:junit-jupiter]/[class:com.microsoft.signalr.JsonHubProtocolTest]/[method:parseCloseMessageWithError()]
display-name: parseCloseMessageWithError()
]]></system-out>
</testcase>
<testcase name="invocationBindingFailureWhileParsingTooManyArgumentsWithOutOfOrderProperties()" classname="com.microsoft.signalr.JsonHubProtocolTest" time="0">
<system-out><![CDATA[
unique-id: [engine:junit-jupiter]/[class:com.microsoft.signalr.JsonHubProtocolTest]/[method:invocationBindingFailureWhileParsingTooManyArgumentsWithOutOfOrderProperties()]
display-name: invocationBindingFailureWhileParsingTooManyArgumentsWithOutOfOrderProperties()
]]></system-out>
</testcase>
<testcase name="parseSingleMessageCustomPojoArg()" classname="com.microsoft.signalr.JsonHubProtocolTest" time="0">
<system-out><![CDATA[
unique-id: [engine:junit-jupiter]/[class:com.microsoft.signalr.JsonHubProtocolTest]/[method:parseSingleMessageCustomPojoArg()]
display-name: parseSingleMessageCustomPojoArg()
]]></system-out>
</testcase>
<testcase name="invocationBindingFailureWhileParsingTooManyArguments()" classname="com.microsoft.signalr.JsonHubProtocolTest" time="0">
<system-out><![CDATA[
unique-id: [engine:junit-jupiter]/[class:com.microsoft.signalr.JsonHubProtocolTest]/[method:invocationBindingFailureWhileParsingTooManyArguments()]
display-name: invocationBindingFailureWhileParsingTooManyArguments()
]]></system-out>
</testcase>
<testcase name="parseMessageWithOutOfOrderProperties()" classname="com.microsoft.signalr.JsonHubProtocolTest" time="0">
<system-out><![CDATA[
unique-id: [engine:junit-jupiter]/[class:com.microsoft.signalr.JsonHubProtocolTest]/[method:parseMessageWithOutOfOrderProperties()]
display-name: parseMessageWithOutOfOrderProperties()
]]></system-out>
</testcase>
<testcase name="errorWhileParsingIncompleteMessage()" classname="com.microsoft.signalr.JsonHubProtocolTest" time="0">
<system-out><![CDATA[
unique-id: [engine:junit-jupiter]/[class:com.microsoft.signalr.JsonHubProtocolTest]/[method:errorWhileParsingIncompleteMessage()]
display-name: errorWhileParsingIncompleteMessage()
]]></system-out>
</testcase>
<testcase name="invocationBindingFailureWhileParsingTooFewArguments()" classname="com.microsoft.signalr.JsonHubProtocolTest" time="0">
<system-out><![CDATA[
unique-id: [engine:junit-jupiter]/[class:com.microsoft.signalr.JsonHubProtocolTest]/[method:invocationBindingFailureWhileParsingTooFewArguments()]
display-name: invocationBindingFailureWhileParsingTooFewArguments()
]]></system-out>
</testcase>
<testcase name="parseSingleMessageMutipleArgs()" classname="com.microsoft.signalr.JsonHubProtocolTest" time="0">
<system-out><![CDATA[
unique-id: [engine:junit-jupiter]/[class:com.microsoft.signalr.JsonHubProtocolTest]/[method:parseSingleMessageMutipleArgs()]
display-name: parseSingleMessageMutipleArgs()
]]></system-out>
</testcase>
<testcase name="invocationBindingFailureWhenParsingIncorrectType()" classname="com.microsoft.signalr.JsonHubProtocolTest" time="0">
<system-out><![CDATA[
unique-id: [engine:junit-jupiter]/[class:com.microsoft.signalr.JsonHubProtocolTest]/[method:invocationBindingFailureWhenParsingIncorrectType()]
display-name: invocationBindingFailureWhenParsingIncorrectType()
]]></system-out>
</testcase>
<testcase name="checkTransferFormat()" classname="com.microsoft.signalr.JsonHubProtocolTest" time="0">
<system-out><![CDATA[
unique-id: [engine:junit-jupiter]/[class:com.microsoft.signalr.JsonHubProtocolTest]/[method:checkTransferFormat()]
display-name: checkTransferFormat()
]]></system-out>
</testcase>
<testcase name="parseTwoMessages()" classname="com.microsoft.signalr.JsonHubProtocolTest" time="0">
<system-out><![CDATA[
unique-id: [engine:junit-jupiter]/[class:com.microsoft.signalr.JsonHubProtocolTest]/[method:parseTwoMessages()]
display-name: parseTwoMessages()
]]></system-out>
</testcase>
<testcase name="invocationBindingFailureStillReadsJsonPayloadAfterFailure()" classname="com.microsoft.signalr.JsonHubProtocolTest" time="0">
<system-out><![CDATA[
unique-id: [engine:junit-jupiter]/[class:com.microsoft.signalr.JsonHubProtocolTest]/[method:invocationBindingFailureStillReadsJsonPayloadAfterFailure()]
display-name: invocationBindingFailureStillReadsJsonPayloadAfterFailure()
]]></system-out>
</testcase>
<testcase name="checkVersionNumber()" classname="com.microsoft.signalr.JsonHubProtocolTest" time="0">
<system-out><![CDATA[
unique-id: [engine:junit-jupiter]/[class:com.microsoft.signalr.JsonHubProtocolTest]/[method:checkVersionNumber()]
display-name: checkVersionNumber()
]]></system-out>
</testcase>
<testcase name="parseCloseMessage()" classname="com.microsoft.signalr.JsonHubProtocolTest" time="0">
<system-out><![CDATA[
unique-id: [engine:junit-jupiter]/[class:com.microsoft.signalr.JsonHubProtocolTest]/[method:parseCloseMessage()]
display-name: parseCloseMessage()
]]></system-out>
</testcase>
<testcase name="parsePingMessage()" classname="com.microsoft.signalr.JsonHubProtocolTest" time="0">
<system-out><![CDATA[
unique-id: [engine:junit-jupiter]/[class:com.microsoft.signalr.JsonHubProtocolTest]/[method:parsePingMessage()]
display-name: parsePingMessage()
]]></system-out>
</testcase>
<testcase name="parseSingleUnsupportedCancelInvocationMessage()" classname="com.microsoft.signalr.JsonHubProtocolTest" time="0">
<system-out><![CDATA[
unique-id: [engine:junit-jupiter]/[class:com.microsoft.signalr.JsonHubProtocolTest]/[method:parseSingleUnsupportedCancelInvocationMessage()]
display-name: parseSingleUnsupportedCancelInvocationMessage()
]]></system-out>
</testcase>
<testcase name="verifyWriteMessage()" classname="com.microsoft.signalr.JsonHubProtocolTest" time="0">
<system-out><![CDATA[
unique-id: [engine:junit-jupiter]/[class:com.microsoft.signalr.JsonHubProtocolTest]/[method:verifyWriteMessage()]
display-name: verifyWriteMessage()
]]></system-out>
</testcase>
<testcase name="parseSingleMessageNestedCollection()" classname="com.microsoft.signalr.JsonHubProtocolTest" time="0">
<system-out><![CDATA[
unique-id: [engine:junit-jupiter]/[class:com.microsoft.signalr.JsonHubProtocolTest]/[method:parseSingleMessageNestedCollection()]
display-name: parseSingleMessageNestedCollection()
]]></system-out>
</testcase>
<testcase name="parseSingleMessage()" classname="com.microsoft.signalr.JsonHubProtocolTest" time="0">
<system-out><![CDATA[
unique-id: [engine:junit-jupiter]/[class:com.microsoft.signalr.JsonHubProtocolTest]/[method:parseSingleMessage()]
display-name: parseSingleMessage()
]]></system-out>
</testcase>
<testcase name="checkProtocolName()" classname="com.microsoft.signalr.JsonHubProtocolTest" time="0">
<system-out><![CDATA[
unique-id: [engine:junit-jupiter]/[class:com.microsoft.signalr.JsonHubProtocolTest]/[method:checkProtocolName()]
display-name: checkProtocolName()
]]></system-out>
</testcase>
<testcase name="LongPollingTransportSetsAuthorizationHeader()" classname="com.microsoft.signalr.LongPollingTransportTest" time="0.001">
<system-out><![CDATA[
unique-id: [engine:junit-jupiter]/[class:com.microsoft.signalr.LongPollingTransportTest]/[method:LongPollingTransportSetsAuthorizationHeader()]
display-name: LongPollingTransportSetsAuthorizationHeader()
]]></system-out>
</testcase>
<testcase name="LongPollingTransportOnReceiveGetsCalled()" classname="com.microsoft.signalr.LongPollingTransportTest" time="0">
<system-out><![CDATA[
unique-id: [engine:junit-jupiter]/[class:com.microsoft.signalr.LongPollingTransportTest]/[method:LongPollingTransportOnReceiveGetsCalled()]
display-name: LongPollingTransportOnReceiveGetsCalled()
]]></system-out>
</testcase>
<testcase name="StatusCode204StopsLongPollingTriggersOnClosed()" classname="com.microsoft.signalr.LongPollingTransportTest" time="0.001">
<system-out><![CDATA[
unique-id: [engine:junit-jupiter]/[class:com.microsoft.signalr.LongPollingTransportTest]/[method:StatusCode204StopsLongPollingTriggersOnClosed()]
display-name: StatusCode204StopsLongPollingTriggersOnClosed()
]]></system-out>
</testcase>
<testcase name="LongPollingFailsToConnectWith404Response()" classname="com.microsoft.signalr.LongPollingTransportTest" time="0">
<system-out><![CDATA[
unique-id: [engine:junit-jupiter]/[class:com.microsoft.signalr.LongPollingTransportTest]/[method:LongPollingFailsToConnectWith404Response()]
display-name: LongPollingFailsToConnectWith404Response()
]]></system-out>
</testcase>
<testcase name="LongPollingFailsWhenReceivingUnexpectedErrorCode()" classname="com.microsoft.signalr.LongPollingTransportTest" time="0">
<system-out><![CDATA[
unique-id: [engine:junit-jupiter]/[class:com.microsoft.signalr.LongPollingTransportTest]/[method:LongPollingFailsWhenReceivingUnexpectedErrorCode()]
display-name: LongPollingFailsWhenReceivingUnexpectedErrorCode()
]]></system-out>
</testcase>
<testcase name="StoppingTransportRunsCloseHandlersOnce()" classname="com.microsoft.signalr.LongPollingTransportTest" time="0">
<system-out><![CDATA[
unique-id: [engine:junit-jupiter]/[class:com.microsoft.signalr.LongPollingTransportTest]/[method:StoppingTransportRunsCloseHandlersOnce()]
display-name: StoppingTransportRunsCloseHandlersOnce()
]]></system-out>
</testcase>
<testcase name="LongPollingTransportOnReceiveGetsCalledMultipleTimes()" classname="com.microsoft.signalr.LongPollingTransportTest" time="0.001">
<system-out><![CDATA[
unique-id: [engine:junit-jupiter]/[class:com.microsoft.signalr.LongPollingTransportTest]/[method:LongPollingTransportOnReceiveGetsCalledMultipleTimes()]
display-name: LongPollingTransportOnReceiveGetsCalledMultipleTimes()
]]></system-out>
</testcase>
<testcase name="CanSetAndTriggerOnReceive()" classname="com.microsoft.signalr.LongPollingTransportTest" time="0.001">
<system-out><![CDATA[
unique-id: [engine:junit-jupiter]/[class:com.microsoft.signalr.LongPollingTransportTest]/[method:CanSetAndTriggerOnReceive()]
display-name: CanSetAndTriggerOnReceive()
]]></system-out>
</testcase>
<testcase name="LongPollingTransportSendsHeaders()" classname="com.microsoft.signalr.LongPollingTransportTest" time="0">
<system-out><![CDATA[
unique-id: [engine:junit-jupiter]/[class:com.microsoft.signalr.LongPollingTransportTest]/[method:LongPollingTransportSendsHeaders()]
display-name: LongPollingTransportSendsHeaders()
]]></system-out>
</testcase>
<testcase name="After204StopDoesNotTriggerOnClose()" classname="com.microsoft.signalr.LongPollingTransportTest" time="0">
<system-out><![CDATA[
unique-id: [engine:junit-jupiter]/[class:com.microsoft.signalr.LongPollingTransportTest]/[method:After204StopDoesNotTriggerOnClose()]
display-name: After204StopDoesNotTriggerOnClose()
]]></system-out>
</testcase>
<testcase name="LongPollingTransportCantSendBeforeStart()" classname="com.microsoft.signalr.LongPollingTransportTest" time="0">
<system-out><![CDATA[
unique-id: [engine:junit-jupiter]/[class:com.microsoft.signalr.LongPollingTransportTest]/[method:LongPollingTransportCantSendBeforeStart()]
display-name: LongPollingTransportCantSendBeforeStart()
]]></system-out>
</testcase>
<testcase name="LongPollingTransportRunsAccessTokenProviderEveryRequest()" classname="com.microsoft.signalr.LongPollingTransportTest" time="0.001">
<system-out><![CDATA[
unique-id: [engine:junit-jupiter]/[class:com.microsoft.signalr.LongPollingTransportTest]/[method:LongPollingTransportRunsAccessTokenProviderEveryRequest()]
display-name: LongPollingTransportRunsAccessTokenProviderEveryRequest()
]]></system-out>
</testcase>
<testcase name="verifyWriteStreamItem()" classname="com.microsoft.signalr.MessagePackHubProtocolTest" time="0.001">
<system-out><![CDATA[
unique-id: [engine:junit-jupiter]/[class:com.microsoft.signalr.MessagePackHubProtocolTest]/[method:verifyWriteStreamItem()]
display-name: verifyWriteStreamItem()
]]></system-out>
</testcase>
<testcase name="parseInvocationMessageWithNestedCollection()" classname="com.microsoft.signalr.MessagePackHubProtocolTest" time="0.007">
<system-out><![CDATA[
unique-id: [engine:junit-jupiter]/[class:com.microsoft.signalr.MessagePackHubProtocolTest]/[method:parseInvocationMessageWithNestedCollection()]
display-name: parseInvocationMessageWithNestedCollection()
]]></system-out>
</testcase>
<testcase name="parseSingleCancelInvocationMessage()" classname="com.microsoft.signalr.MessagePackHubProtocolTest" time="0">
<system-out><![CDATA[
unique-id: [engine:junit-jupiter]/[class:com.microsoft.signalr.MessagePackHubProtocolTest]/[method:parseSingleCancelInvocationMessage()]
display-name: parseSingleCancelInvocationMessage()
]]></system-out>
</testcase>
<testcase name="verifyWriteStreamInvocationMessage()" classname="com.microsoft.signalr.MessagePackHubProtocolTest" time="0">
<system-out><![CDATA[
unique-id: [engine:junit-jupiter]/[class:com.microsoft.signalr.MessagePackHubProtocolTest]/[method:verifyWriteStreamInvocationMessage()]
display-name: verifyWriteStreamInvocationMessage()
]]></system-out>
</testcase>
<testcase name="verifyWriteInvocationMessageWithMapArg()" classname="com.microsoft.signalr.MessagePackHubProtocolTest" time="0.004">
<system-out><![CDATA[
unique-id: [engine:junit-jupiter]/[class:com.microsoft.signalr.MessagePackHubProtocolTest]/[method:verifyWriteInvocationMessageWithMapArg()]
display-name: verifyWriteInvocationMessageWithMapArg()
]]></system-out>
</testcase>
<testcase name="errorWhenLengthHeaderTooLong()" classname="com.microsoft.signalr.MessagePackHubProtocolTest" time="0.001">
<system-out><![CDATA[
unique-id: [engine:junit-jupiter]/[class:com.microsoft.signalr.MessagePackHubProtocolTest]/[method:errorWhenLengthHeaderTooLong()]
display-name: errorWhenLengthHeaderTooLong()
]]></system-out>
</testcase>
<testcase name="invocationBindingFailureReadsNextMessageAfterTooManyArguments()" classname="com.microsoft.signalr.MessagePackHubProtocolTest" time="0">
<system-out><![CDATA[
unique-id: [engine:junit-jupiter]/[class:com.microsoft.signalr.MessagePackHubProtocolTest]/[method:invocationBindingFailureReadsNextMessageAfterTooManyArguments()]
display-name: invocationBindingFailureReadsNextMessageAfterTooManyArguments()
]]></system-out>
</testcase>
<testcase name="parseCloseMessageWithError()" classname="com.microsoft.signalr.MessagePackHubProtocolTest" time="0">
<system-out><![CDATA[
unique-id: [engine:junit-jupiter]/[class:com.microsoft.signalr.MessagePackHubProtocolTest]/[method:parseCloseMessageWithError()]
display-name: parseCloseMessageWithError()
]]></system-out>
</testcase>
<testcase name="verifyWriteCompletionMessageNonVoid()" classname="com.microsoft.signalr.MessagePackHubProtocolTest" time="0.001">
<system-out><![CDATA[
unique-id: [engine:junit-jupiter]/[class:com.microsoft.signalr.MessagePackHubProtocolTest]/[method:verifyWriteCompletionMessageNonVoid()]
display-name: verifyWriteCompletionMessageNonVoid()
]]></system-out>
</testcase>
<testcase name="invocationBindingFailureWhileParsingTooManyArguments()" classname="com.microsoft.signalr.MessagePackHubProtocolTest" time="0">
<system-out><![CDATA[
unique-id: [engine:junit-jupiter]/[class:com.microsoft.signalr.MessagePackHubProtocolTest]/[method:invocationBindingFailureWhileParsingTooManyArguments()]
display-name: invocationBindingFailureWhileParsingTooManyArguments()
]]></system-out>
</testcase>
<testcase name="parseSingleStreamInvocationMessage()" classname="com.microsoft.signalr.MessagePackHubProtocolTest" time="0">
<system-out><![CDATA[
unique-id: [engine:junit-jupiter]/[class:com.microsoft.signalr.MessagePackHubProtocolTest]/[method:parseSingleStreamInvocationMessage()]
display-name: parseSingleStreamInvocationMessage()
]]></system-out>
</testcase>
<testcase name="parseInvocationMessageWithCustomPojoArg()" classname="com.microsoft.signalr.MessagePackHubProtocolTest" time="0.002">
<system-out><![CDATA[
unique-id: [engine:junit-jupiter]/[class:com.microsoft.signalr.MessagePackHubProtocolTest]/[method:parseInvocationMessageWithCustomPojoArg()]
display-name: parseInvocationMessageWithCustomPojoArg()
]]></system-out>
</testcase>
<testcase name="verifyWriteCompletionMessageError()" classname="com.microsoft.signalr.MessagePackHubProtocolTest" time="0">
<system-out><![CDATA[
unique-id: [engine:junit-jupiter]/[class:com.microsoft.signalr.MessagePackHubProtocolTest]/[method:verifyWriteCompletionMessageError()]
display-name: verifyWriteCompletionMessageError()
]]></system-out>
</testcase>
<testcase name="verifyWriteInvocationMessage()" classname="com.microsoft.signalr.MessagePackHubProtocolTest" time="0.001">
<system-out><![CDATA[
unique-id: [engine:junit-jupiter]/[class:com.microsoft.signalr.MessagePackHubProtocolTest]/[method:verifyWriteInvocationMessage()]
display-name: verifyWriteInvocationMessage()
]]></system-out>
</testcase>
<testcase name="verifyWriteCloseMessage()" classname="com.microsoft.signalr.MessagePackHubProtocolTest" time="0">
<system-out><![CDATA[
unique-id: [engine:junit-jupiter]/[class:com.microsoft.signalr.MessagePackHubProtocolTest]/[method:verifyWriteCloseMessage()]
display-name: verifyWriteCloseMessage()
]]></system-out>
</testcase>
<testcase name="invocationBindingFailureReadsNextMessageAfterTooFewArguments()" classname="com.microsoft.signalr.MessagePackHubProtocolTest" time="0">
<system-out><![CDATA[
unique-id: [engine:junit-jupiter]/[class:com.microsoft.signalr.MessagePackHubProtocolTest]/[method:invocationBindingFailureReadsNextMessageAfterTooFewArguments()]
display-name: invocationBindingFailureReadsNextMessageAfterTooFewArguments()
]]></system-out>
</testcase>
<testcase name="verifyWriteInvocationMessageWithHeaders()" classname="com.microsoft.signalr.MessagePackHubProtocolTest" time="0.001">
<system-out><![CDATA[
unique-id: [engine:junit-jupiter]/[class:com.microsoft.signalr.MessagePackHubProtocolTest]/[method:verifyWriteInvocationMessageWithHeaders()]
display-name: verifyWriteInvocationMessageWithHeaders()
]]></system-out>
</testcase>
<testcase name="verifyWriteInvocationMessageWithNestedCollection()" classname="com.microsoft.signalr.MessagePackHubProtocolTest" time="0.001">
<system-out><![CDATA[
unique-id: [engine:junit-jupiter]/[class:com.microsoft.signalr.MessagePackHubProtocolTest]/[method:verifyWriteInvocationMessageWithNestedCollection()]
display-name: verifyWriteInvocationMessageWithNestedCollection()
]]></system-out>
</testcase>
<testcase name="invocationBindingFailureWhileParsingTooFewArguments()" classname="com.microsoft.signalr.MessagePackHubProtocolTest" time="0">
<system-out><![CDATA[
unique-id: [engine:junit-jupiter]/[class:com.microsoft.signalr.MessagePackHubProtocolTest]/[method:invocationBindingFailureWhileParsingTooFewArguments()]
display-name: invocationBindingFailureWhileParsingTooFewArguments()
]]></system-out>
</testcase>
<testcase name="parseInvocationMessageWithPrimitiveArgs()" classname="com.microsoft.signalr.MessagePackHubProtocolTest" time="0">
<system-out><![CDATA[
unique-id: [engine:junit-jupiter]/[class:com.microsoft.signalr.MessagePackHubProtocolTest]/[method:parseInvocationMessageWithPrimitiveArgs()]
display-name: parseInvocationMessageWithPrimitiveArgs()
]]></system-out>
</testcase>
<testcase name="verifyWriteInvocationMessageWithCustomPojoArg()" classname="com.microsoft.signalr.MessagePackHubProtocolTest" time="0.007">
<system-out><![CDATA[
unique-id: [engine:junit-jupiter]/[class:com.microsoft.signalr.MessagePackHubProtocolTest]/[method:verifyWriteInvocationMessageWithCustomPojoArg()]
display-name: verifyWriteInvocationMessageWithCustomPojoArg()
]]></system-out>
</testcase>
<testcase name="parseInvocationMessageWithArrayArg()" classname="com.microsoft.signalr.MessagePackHubProtocolTest" time="0.005">
<system-out><![CDATA[
unique-id: [engine:junit-jupiter]/[class:com.microsoft.signalr.MessagePackHubProtocolTest]/[method:parseInvocationMessageWithArrayArg()]
display-name: parseInvocationMessageWithArrayArg()
]]></system-out>
</testcase>
<testcase name="parseInvocationMessageWithMapArg()" classname="com.microsoft.signalr.MessagePackHubProtocolTest" time="0.001">
<system-out><![CDATA[
unique-id: [engine:junit-jupiter]/[class:com.microsoft.signalr.MessagePackHubProtocolTest]/[method:parseInvocationMessageWithMapArg()]
display-name: parseInvocationMessageWithMapArg()
]]></system-out>
</testcase>
<testcase name="verifyWriteCloseMessageWithError()" classname="com.microsoft.signalr.MessagePackHubProtocolTest" time="0">
<system-out><![CDATA[
unique-id: [engine:junit-jupiter]/[class:com.microsoft.signalr.MessagePackHubProtocolTest]/[method:verifyWriteCloseMessageWithError()]
display-name: verifyWriteCloseMessageWithError()
]]></system-out>
</testcase>
<testcase name="verifyWriteInvocationMessageWithPrimitiveArgs()" classname="com.microsoft.signalr.MessagePackHubProtocolTest" time="0.003">
<system-out><![CDATA[
unique-id: [engine:junit-jupiter]/[class:com.microsoft.signalr.MessagePackHubProtocolTest]/[method:verifyWriteInvocationMessageWithPrimitiveArgs()]
display-name: verifyWriteInvocationMessageWithPrimitiveArgs()
]]></system-out>
</testcase>
<testcase name="parseSingleMessageMutipleArgs()" classname="com.microsoft.signalr.MessagePackHubProtocolTest" time="0">
<system-out><![CDATA[
unique-id: [engine:junit-jupiter]/[class:com.microsoft.signalr.MessagePackHubProtocolTest]/[method:parseSingleMessageMutipleArgs()]
display-name: parseSingleMessageMutipleArgs()
]]></system-out>
</testcase>
<testcase name="invocationBindingFailureWhenParsingIncorrectType()" classname="com.microsoft.signalr.MessagePackHubProtocolTest" time="0.001">
<system-out><![CDATA[
unique-id: [engine:junit-jupiter]/[class:com.microsoft.signalr.MessagePackHubProtocolTest]/[method:invocationBindingFailureWhenParsingIncorrectType()]
display-name: invocationBindingFailureWhenParsingIncorrectType()
]]></system-out>
</testcase>
<testcase name="checkTransferFormat()" classname="com.microsoft.signalr.MessagePackHubProtocolTest" time="0">
<system-out><![CDATA[
unique-id: [engine:junit-jupiter]/[class:com.microsoft.signalr.MessagePackHubProtocolTest]/[method:checkTransferFormat()]
display-name: checkTransferFormat()
]]></system-out>
</testcase>
<testcase name="verifyWriteInvocationMessageWithTwoByteLengthHeader()" classname="com.microsoft.signalr.MessagePackHubProtocolTest" time="0">
<system-out><![CDATA[
unique-id: [engine:junit-jupiter]/[class:com.microsoft.signalr.MessagePackHubProtocolTest]/[method:verifyWriteInvocationMessageWithTwoByteLengthHeader()]
display-name: verifyWriteInvocationMessageWithTwoByteLengthHeader()
]]></system-out>
</testcase>
<testcase name="parseTwoMessages()" classname="com.microsoft.signalr.MessagePackHubProtocolTest" time="0">
<system-out><![CDATA[
unique-id: [engine:junit-jupiter]/[class:com.microsoft.signalr.MessagePackHubProtocolTest]/[method:parseTwoMessages()]
display-name: parseTwoMessages()
]]></system-out>
</testcase>
<testcase name="parseMessageWithTwoByteLengthHeader()" classname="com.microsoft.signalr.MessagePackHubProtocolTest" time="0">
<system-out><![CDATA[
unique-id: [engine:junit-jupiter]/[class:com.microsoft.signalr.MessagePackHubProtocolTest]/[method:parseMessageWithTwoByteLengthHeader()]
display-name: parseMessageWithTwoByteLengthHeader()
]]></system-out>
</testcase>
<testcase name="verifyWritePingMessage()" classname="com.microsoft.signalr.MessagePackHubProtocolTest" time="0">
<system-out><![CDATA[
unique-id: [engine:junit-jupiter]/[class:com.microsoft.signalr.MessagePackHubProtocolTest]/[method:verifyWritePingMessage()]
display-name: verifyWritePingMessage()
]]></system-out>
</testcase>
<testcase name="parseSingleInvocationMessageWithHeaders()" classname="com.microsoft.signalr.MessagePackHubProtocolTest" time="0">
<system-out><![CDATA[
unique-id: [engine:junit-jupiter]/[class:com.microsoft.signalr.MessagePackHubProtocolTest]/[method:parseSingleInvocationMessageWithHeaders()]
display-name: parseSingleInvocationMessageWithHeaders()
]]></system-out>
</testcase>
<testcase name="checkVersionNumber()" classname="com.microsoft.signalr.MessagePackHubProtocolTest" time="0">
<system-out><![CDATA[
unique-id: [engine:junit-jupiter]/[class:com.microsoft.signalr.MessagePackHubProtocolTest]/[method:checkVersionNumber()]
display-name: checkVersionNumber()
]]></system-out>
</testcase>
<testcase name="parseCloseMessage()" classname="com.microsoft.signalr.MessagePackHubProtocolTest" time="0">
<system-out><![CDATA[
unique-id: [engine:junit-jupiter]/[class:com.microsoft.signalr.MessagePackHubProtocolTest]/[method:parseCloseMessage()]
display-name: parseCloseMessage()
]]></system-out>
</testcase>
<testcase name="parsePingMessage()" classname="com.microsoft.signalr.MessagePackHubProtocolTest" time="0">
<system-out><![CDATA[
unique-id: [engine:junit-jupiter]/[class:com.microsoft.signalr.MessagePackHubProtocolTest]/[method:parsePingMessage()]
display-name: parsePingMessage()
]]></system-out>
</testcase>
<testcase name="verifyWriteCancelInvocationMessage()" classname="com.microsoft.signalr.MessagePackHubProtocolTest" time="0">
<system-out><![CDATA[
unique-id: [engine:junit-jupiter]/[class:com.microsoft.signalr.MessagePackHubProtocolTest]/[method:verifyWriteCancelInvocationMessage()]
display-name: verifyWriteCancelInvocationMessage()
]]></system-out>
</testcase>
<testcase name="verifyWriteInvocationMessageWithArrayArg()" classname="com.microsoft.signalr.MessagePackHubProtocolTest" time="0.003">
<system-out><![CDATA[
unique-id: [engine:junit-jupiter]/[class:com.microsoft.signalr.MessagePackHubProtocolTest]/[method:verifyWriteInvocationMessageWithArrayArg()]
display-name: verifyWriteInvocationMessageWithArrayArg()
]]></system-out>
</testcase>
<testcase name="checkProtocolName()" classname="com.microsoft.signalr.MessagePackHubProtocolTest" time="0">
<system-out><![CDATA[
unique-id: [engine:junit-jupiter]/[class:com.microsoft.signalr.MessagePackHubProtocolTest]/[method:checkProtocolName()]
display-name: checkProtocolName()
]]></system-out>
</testcase>
<testcase name="errorWhenLengthHeaderTooShort()" classname="com.microsoft.signalr.MessagePackHubProtocolTest" time="0.001">
<system-out><![CDATA[
unique-id: [engine:junit-jupiter]/[class:com.microsoft.signalr.MessagePackHubProtocolTest]/[method:errorWhenLengthHeaderTooShort()]
display-name: errorWhenLengthHeaderTooShort()
]]></system-out>
</testcase>
<testcase name="verifyWriteCompletionMessageVoid()" classname="com.microsoft.signalr.MessagePackHubProtocolTest" time="0">
<system-out><![CDATA[
unique-id: [engine:junit-jupiter]/[class:com.microsoft.signalr.MessagePackHubProtocolTest]/[method:verifyWriteCompletionMessageVoid()]
display-name: verifyWriteCompletionMessageVoid()
]]></system-out>
</testcase>
<testcase name="invocationBindingFailureReadsNextMessageAfterIncorrectArgument()" classname="com.microsoft.signalr.MessagePackHubProtocolTest" time="0">
<system-out><![CDATA[
unique-id: [engine:junit-jupiter]/[class:com.microsoft.signalr.MessagePackHubProtocolTest]/[method:invocationBindingFailureReadsNextMessageAfterIncorrectArgument()]
display-name: invocationBindingFailureReadsNextMessageAfterIncorrectArgument()
]]></system-out>
</testcase>
<testcase name="parseSingleInvocationMessage()" classname="com.microsoft.signalr.MessagePackHubProtocolTest" time="0">
<system-out><![CDATA[
unique-id: [engine:junit-jupiter]/[class:com.microsoft.signalr.MessagePackHubProtocolTest]/[method:parseSingleInvocationMessage()]
display-name: parseSingleInvocationMessage()
]]></system-out>
</testcase>
<testcase name="NegotiateResponseWithConnectionToken()" classname="com.microsoft.signalr.NegotiateResponseTest" time="0.001">
<system-out><![CDATA[
unique-id: [engine:junit-jupiter]/[class:com.microsoft.signalr.NegotiateResponseTest]/[method:NegotiateResponseWithConnectionToken()]
display-name: NegotiateResponseWithConnectionToken()
]]></system-out>
</testcase>
<testcase name="VerifyNegotiateResponse()" classname="com.microsoft.signalr.NegotiateResponseTest" time="0">
<system-out><![CDATA[
unique-id: [engine:junit-jupiter]/[class:com.microsoft.signalr.NegotiateResponseTest]/[method:VerifyNegotiateResponse()]
display-name: VerifyNegotiateResponse()
]]></system-out>
</testcase>
<testcase name="VerifyRedirectNegotiateResponse()" classname="com.microsoft.signalr.NegotiateResponseTest" time="0">
<system-out><![CDATA[
unique-id: [engine:junit-jupiter]/[class:com.microsoft.signalr.NegotiateResponseTest]/[method:VerifyRedirectNegotiateResponse()]
display-name: VerifyRedirectNegotiateResponse()
]]></system-out>
</testcase>
<testcase name="NegotiateResponseIgnoresExtraProperties()" classname="com.microsoft.signalr.NegotiateResponseTest" time="0">
<system-out><![CDATA[
unique-id: [engine:junit-jupiter]/[class:com.microsoft.signalr.NegotiateResponseTest]/[method:NegotiateResponseIgnoresExtraProperties()]
display-name: NegotiateResponseIgnoresExtraProperties()
]]></system-out>
</testcase>
<testcase name="NegotiateResponseWithNegotiateVersion()" classname="com.microsoft.signalr.NegotiateResponseTest" time="0">
<system-out><![CDATA[
unique-id: [engine:junit-jupiter]/[class:com.microsoft.signalr.NegotiateResponseTest]/[method:NegotiateResponseWithNegotiateVersion()]
display-name: NegotiateResponseWithNegotiateVersion()
]]></system-out>
</testcase>
<testcase name="NegotiateResponseIgnoresExtraComplexProperties()" classname="com.microsoft.signalr.NegotiateResponseTest" time="0">
<system-out><![CDATA[
unique-id: [engine:junit-jupiter]/[class:com.microsoft.signalr.NegotiateResponseTest]/[method:NegotiateResponseIgnoresExtraComplexProperties()]
display-name: NegotiateResponseIgnoresExtraComplexProperties()
]]></system-out>
</testcase>
<testcase name="checkNegotiateUrl(String, int, String)[1]" classname="checkNegotiateUrl(String, int, String)" time="0.009">
<system-out><![CDATA[
unique-id: [engine:junit-jupiter]/[class:com.microsoft.signalr.ResolveNegotiateUrlTest]/[test-template:checkNegotiateUrl(java.lang.String, int, java.lang.String)]/[test-template-invocation:#1]
display-name: [1] http://example.com/hub/, 0, http://example.com/hub/negotiate?negotiateVersion=0
]]></system-out>
</testcase>
<testcase name="checkNegotiateUrl(String, int, String)[2]" classname="checkNegotiateUrl(String, int, String)" time="0">
<system-out><![CDATA[
unique-id: [engine:junit-jupiter]/[class:com.microsoft.signalr.ResolveNegotiateUrlTest]/[test-template:checkNegotiateUrl(java.lang.String, int, java.lang.String)]/[test-template-invocation:#2]
display-name: [2] http://example.com/hub, 1, http://example.com/hub/negotiate?negotiateVersion=1
]]></system-out>
</testcase>
<testcase name="checkNegotiateUrl(String, int, String)[3]" classname="checkNegotiateUrl(String, int, String)" time="0">
<system-out><![CDATA[
unique-id: [engine:junit-jupiter]/[class:com.microsoft.signalr.ResolveNegotiateUrlTest]/[test-template:checkNegotiateUrl(java.lang.String, int, java.lang.String)]/[test-template-invocation:#3]
display-name: [3] http://example.com/endpoint?q=my/Data, 0, http://example.com/endpoint/negotiate?q=my/Data&negotiateVersion=0
]]></system-out>
</testcase>
<testcase name="checkNegotiateUrl(String, int, String)[4]" classname="checkNegotiateUrl(String, int, String)" time="0">
<system-out><![CDATA[
unique-id: [engine:junit-jupiter]/[class:com.microsoft.signalr.ResolveNegotiateUrlTest]/[test-template:checkNegotiateUrl(java.lang.String, int, java.lang.String)]/[test-template-invocation:#4]
display-name: [4] http://example.com/endpoint/?q=my/Data, 1, http://example.com/endpoint/negotiate?q=my/Data&negotiateVersion=1
]]></system-out>
</testcase>
<testcase name="checkNegotiateUrl(String, int, String)[5]" classname="checkNegotiateUrl(String, int, String)" time="0.001">
<system-out><![CDATA[
unique-id: [engine:junit-jupiter]/[class:com.microsoft.signalr.ResolveNegotiateUrlTest]/[test-template:checkNegotiateUrl(java.lang.String, int, java.lang.String)]/[test-template-invocation:#5]
display-name: [5] http://example.com/endpoint/path/more?q=my/Data, 0, http://example.com/endpoint/path/more/negotiate?q=my/Data&negotiateVersion=0
]]></system-out>
</testcase>
<testcase name="checkNegotiateUrl(String, int, String)[6]" classname="checkNegotiateUrl(String, int, String)" time="0">
<system-out><![CDATA[
unique-id: [engine:junit-jupiter]/[class:com.microsoft.signalr.ResolveNegotiateUrlTest]/[test-template:checkNegotiateUrl(java.lang.String, int, java.lang.String)]/[test-template-invocation:#6]
display-name: [6] http://example.com/hub/?negotiateVersion=2, 0, http://example.com/hub/negotiate?negotiateVersion=2
]]></system-out>
</testcase>
<testcase name="verifyJavaVendor()" classname="com.microsoft.signalr.UserAgentTest" time="0">
<system-out><![CDATA[
unique-id: [engine:junit-jupiter]/[class:com.microsoft.signalr.UserAgentTest]/[method:verifyJavaVendor()]
display-name: verifyJavaVendor()
]]></system-out>
</testcase>
<testcase name="checkUserAgentString()" classname="com.microsoft.signalr.UserAgentTest" time="0">
<system-out><![CDATA[
unique-id: [engine:junit-jupiter]/[class:com.microsoft.signalr.UserAgentTest]/[method:checkUserAgentString()]
display-name: checkUserAgentString()
]]></system-out>
</testcase>
<testcase name="verifyJavaVersion()" classname="com.microsoft.signalr.UserAgentTest" time="0">
<system-out><![CDATA[
unique-id: [engine:junit-jupiter]/[class:com.microsoft.signalr.UserAgentTest]/[method:verifyJavaVersion()]
display-name: verifyJavaVersion()
]]></system-out>
</testcase>
<testcase name="UserAgentHeaderIsCorrect(String, String, String, String, String, String)[1]" classname="UserAgentHeaderIsCorrect(String, String, String, String, String, String)" time="0">
<system-out><![CDATA[
unique-id: [engine:junit-jupiter]/[class:com.microsoft.signalr.UserAgentTest]/[test-template:UserAgentHeaderIsCorrect(java.lang.String, java.lang.String, java.lang.String, java.lang.String, java.lang.String, java.lang.String)]/[test-template-invocation:#1]
display-name: [1] 1.4.5-dev, Windows NT, Java, 7.0.1, Oracle, Microsoft SignalR/1.4 (1.4.5-dev; Windows NT; Java; 7.0.1; Oracle)
]]></system-out>
</testcase>
<testcase name="UserAgentHeaderIsCorrect(String, String, String, String, String, String)[2]" classname="UserAgentHeaderIsCorrect(String, String, String, String, String, String)" time="0">
<system-out><![CDATA[
unique-id: [engine:junit-jupiter]/[class:com.microsoft.signalr.UserAgentTest]/[test-template:UserAgentHeaderIsCorrect(java.lang.String, java.lang.String, java.lang.String, java.lang.String, java.lang.String, java.lang.String)]/[test-template-invocation:#2]
display-name: [2] 3.1.0, , Java, 7.0.1, , Microsoft SignalR/3.1 (3.1.0; Unknown OS; Java; 7.0.1; Unknown Vendor)
]]></system-out>
</testcase>
<testcase name="UserAgentHeaderIsCorrect(String, String, String, String, String, String)[3]" classname="UserAgentHeaderIsCorrect(String, String, String, String, String, String)" time="0">
<system-out><![CDATA[
unique-id: [engine:junit-jupiter]/[class:com.microsoft.signalr.UserAgentTest]/[test-template:UserAgentHeaderIsCorrect(java.lang.String, java.lang.String, java.lang.String, java.lang.String, java.lang.String, java.lang.String)]/[test-template-invocation:#3]
display-name: [3] 5.0.2, macOS, Java, , Android, Microsoft SignalR/5.0 (5.0.2; macOS; Java; Unknown Runtime Version; Android)
]]></system-out>
</testcase>
<testcase name="getVersionFromDetailedVersion(String, String)[1]" classname="getVersionFromDetailedVersion(String, String)" time="0">
<system-out><![CDATA[
unique-id: [engine:junit-jupiter]/[class:com.microsoft.signalr.UserAgentTest]/[test-template:getVersionFromDetailedVersion(java.lang.String, java.lang.String)]/[test-template-invocation:#1]
display-name: [1] 1.0.0, 1.0
]]></system-out>
</testcase>
<testcase name="getVersionFromDetailedVersion(String, String)[2]" classname="getVersionFromDetailedVersion(String, String)" time="0">
<system-out><![CDATA[
unique-id: [engine:junit-jupiter]/[class:com.microsoft.signalr.UserAgentTest]/[test-template:getVersionFromDetailedVersion(java.lang.String, java.lang.String)]/[test-template-invocation:#2]
display-name: [2] 3.1.4-preview9-12345, 3.1
]]></system-out>
</testcase>
<testcase name="getVersionFromDetailedVersion(String, String)[3]" classname="getVersionFromDetailedVersion(String, String)" time="0">
<system-out><![CDATA[
unique-id: [engine:junit-jupiter]/[class:com.microsoft.signalr.UserAgentTest]/[test-template:getVersionFromDetailedVersion(java.lang.String, java.lang.String)]/[test-template-invocation:#3]
display-name: [3] 3.1.4-preview9-12345-extrastuff, 3.1
]]></system-out>
</testcase>
<testcase name="getVersionFromDetailedVersion(String, String)[4]" classname="getVersionFromDetailedVersion(String, String)" time="0">
<system-out><![CDATA[
unique-id: [engine:junit-jupiter]/[class:com.microsoft.signalr.UserAgentTest]/[test-template:getVersionFromDetailedVersion(java.lang.String, java.lang.String)]/[test-template-invocation:#4]
display-name: [4] 99.99.99-dev, 99.99
]]></system-out>
</testcase>
<testcase name="CanPassNullExitCodeToOnClosed()" classname="com.microsoft.signalr.WebSocketTransportTest" time="0.001">
<system-out><![CDATA[
unique-id: [engine:junit-jupiter]/[class:com.microsoft.signalr.WebSocketTransportTest]/[method:CanPassNullExitCodeToOnClosed()]
display-name: CanPassNullExitCodeToOnClosed()
]]></system-out>
</testcase>
<testcase name="checkWebsocketUrlProtocol(String, String)[1]" classname="checkWebsocketUrlProtocol(String, String)" time="0">
<system-out><![CDATA[
unique-id: [engine:junit-jupiter]/[class:com.microsoft.signalr.WebSocketTransportUrlFormatTest]/[test-template:checkWebsocketUrlProtocol(java.lang.String, java.lang.String)]/[test-template-invocation:#1]
display-name: [1] http://example.com, ws://example.com
]]></system-out>
</testcase>
<testcase name="checkWebsocketUrlProtocol(String, String)[2]" classname="checkWebsocketUrlProtocol(String, String)" time="0">
<system-out><![CDATA[
unique-id: [engine:junit-jupiter]/[class:com.microsoft.signalr.WebSocketTransportUrlFormatTest]/[test-template:checkWebsocketUrlProtocol(java.lang.String, java.lang.String)]/[test-template-invocation:#2]
display-name: [2] https://example.com, wss://example.com
]]></system-out>
</testcase>
<testcase name="checkWebsocketUrlProtocol(String, String)[3]" classname="checkWebsocketUrlProtocol(String, String)" time="0">
<system-out><![CDATA[
unique-id: [engine:junit-jupiter]/[class:com.microsoft.signalr.WebSocketTransportUrlFormatTest]/[test-template:checkWebsocketUrlProtocol(java.lang.String, java.lang.String)]/[test-template-invocation:#3]
display-name: [3] ws://example.com, ws://example.com
]]></system-out>
</testcase>
<testcase name="checkWebsocketUrlProtocol(String, String)[4]" classname="checkWebsocketUrlProtocol(String, String)" time="0">
<system-out><![CDATA[
unique-id: [engine:junit-jupiter]/[class:com.microsoft.signalr.WebSocketTransportUrlFormatTest]/[test-template:checkWebsocketUrlProtocol(java.lang.String, java.lang.String)]/[test-template-invocation:#4]
display-name: [4] wss://example.com, wss://example.com
]]></system-out>
</testcase>
<system-out><![CDATA[
unique-id: [engine:junit-jupiter]
display-name: JUnit Jupiter
]]></system-out>
</testsuite>
